{"uid":"17e05bfb959fb5f4","name":"test_user_hides_input_from_the_source_menu[MICHI-COAX 1-13]","fullName":"tests.steps.test_01_hide_input#test_user_hides_input_from_the_source_menu","historyId":"4a42e3acca2739b9868cf5781cf24144","time":{"start":1766624562584,"stop":1766624649615,"duration":87031},"description":"/Users/lily/PycharmProjects/pytest-bdd-project/amp/tests/features/01_hide_input.feature: user_hides_input_from_the_source_menu","descriptionHtml":"<p>/Users/lily/PycharmProjects/pytest-bdd-project/amp/tests/features/01_hide_input.feature: user_hides_input_from_the_source_menu</p>\n","status":"failed","statusMessage":"AssertionError: assert (2 - 1) == 13\n +  where 2 = len(['35', '35'])\n +  and   13 = int('13')","statusTrace":"fixturefunc = <function toggles_through_all_inputs at 0x110ca2c00>\nrequest = <FixtureRequest for <Function test_user_hides_input_from_the_source_menu[MICHI-COAX 1-13]>>\nkwargs = {'driver': <appium.webdriver.webdriver.WebDriver (session=\"4f4cbb9a-e370-4833-a842-fef7765632fe\")>, 'every': '13'}\n\n    def call_fixture_func(\n        fixturefunc: _FixtureFunc[FixtureValue], request: FixtureRequest, kwargs\n    ) -> FixtureValue:\n        if is_generator(fixturefunc):\n            fixturefunc = cast(\n                Callable[..., Generator[FixtureValue, None, None]], fixturefunc\n            )\n            generator = fixturefunc(**kwargs)\n            try:\n                fixture_result = next(generator)\n            except StopIteration:\n                raise ValueError(f\"{request.fixturename} did not yield a value\") from None\n            finalizer = functools.partial(_teardown_yield_fixture, fixturefunc, generator)\n            request.addfinalizer(finalizer)\n        else:\n            fixturefunc = cast(Callable[..., FixtureValue], fixturefunc)\n>           fixture_result = fixturefunc(**kwargs)\n\n../../../Documents/pytest-bdd-example-master/.venv/lib/python3.12/site-packages/_pytest/fixtures.py:898: \n_ _ _ _ _ _ _ _ _ _ _ _ _ _ _ _ _ _ _ _ _ _ _ _ _ _ _ _ _ _ _ _ _ _ _ _ _ _ _ _ _ _ _ _ _ _ _ _ _ _ _ _ _ _ _ _ _ _ _ _ _ _ _ _ _ _ _ _ _ _ _ _ _ _\n\ndriver = <appium.webdriver.webdriver.WebDriver (session=\"4f4cbb9a-e370-4833-a842-fef7765632fe\")>, every = '13'\n\n    @when(parsers.parse(\"the user toggles through {every} inputs\"))\n    def toggles_through_all_inputs(driver, every:str):\n        p_home = HomePage(driver)\n        p_home.change_remote(REMOTE)\n        rs_list = p_home.update_quick_source()\n        allure.attach(f\"状态: {rs_list}\")\n>       assert len(rs_list)-1 == int(every)\nE       AssertionError: assert (2 - 1) == 13\nE        +  where 2 = len(['35', '35'])\nE        +  and   13 = int('13')\n\ntests/steps/test_01_hide_input.py:44: AssertionError","flaky":false,"newFailed":false,"newBroken":false,"newPassed":false,"retriesCount":0,"retriesStatusChange":false,"beforeStages":[{"name":"driver","time":{"start":1766624562584,"stop":1766624566547,"duration":3963},"status":"passed","steps":[],"attachments":[],"parameters":[],"hasContent":false,"stepsCount":0,"attachmentsCount":0,"shouldDisplayMessage":false}],"testStage":{"description":"/Users/lily/PycharmProjects/pytest-bdd-project/amp/tests/features/01_hide_input.feature: user_hides_input_from_the_source_menu","status":"failed","statusMessage":"AssertionError: assert (2 - 1) == 13\n +  where 2 = len(['35', '35'])\n +  and   13 = int('13')","statusTrace":"fixturefunc = <function toggles_through_all_inputs at 0x110ca2c00>\nrequest = <FixtureRequest for <Function test_user_hides_input_from_the_source_menu[MICHI-COAX 1-13]>>\nkwargs = {'driver': <appium.webdriver.webdriver.WebDriver (session=\"4f4cbb9a-e370-4833-a842-fef7765632fe\")>, 'every': '13'}\n\n    def call_fixture_func(\n        fixturefunc: _FixtureFunc[FixtureValue], request: FixtureRequest, kwargs\n    ) -> FixtureValue:\n        if is_generator(fixturefunc):\n            fixturefunc = cast(\n                Callable[..., Generator[FixtureValue, None, None]], fixturefunc\n            )\n            generator = fixturefunc(**kwargs)\n            try:\n                fixture_result = next(generator)\n            except StopIteration:\n                raise ValueError(f\"{request.fixturename} did not yield a value\") from None\n            finalizer = functools.partial(_teardown_yield_fixture, fixturefunc, generator)\n            request.addfinalizer(finalizer)\n        else:\n            fixturefunc = cast(Callable[..., FixtureValue], fixturefunc)\n>           fixture_result = fixturefunc(**kwargs)\n\n../../../Documents/pytest-bdd-example-master/.venv/lib/python3.12/site-packages/_pytest/fixtures.py:898: \n_ _ _ _ _ _ _ _ _ _ _ _ _ _ _ _ _ _ _ _ _ _ _ _ _ _ _ _ _ _ _ _ _ _ _ _ _ _ _ _ _ _ _ _ _ _ _ _ _ _ _ _ _ _ _ _ _ _ _ _ _ _ _ _ _ _ _ _ _ _ _ _ _ _\n\ndriver = <appium.webdriver.webdriver.WebDriver (session=\"4f4cbb9a-e370-4833-a842-fef7765632fe\")>, every = '13'\n\n    @when(parsers.parse(\"the user toggles through {every} inputs\"))\n    def toggles_through_all_inputs(driver, every:str):\n        p_home = HomePage(driver)\n        p_home.change_remote(REMOTE)\n        rs_list = p_home.update_quick_source()\n        allure.attach(f\"状态: {rs_list}\")\n>       assert len(rs_list)-1 == int(every)\nE       AssertionError: assert (2 - 1) == 13\nE        +  where 2 = len(['35', '35'])\nE        +  and   13 = int('13')\n\ntests/steps/test_01_hide_input.py:44: AssertionError","steps":[],"attachments":[{"uid":"c18bb6a8c420c9f8","name":"7b8999bd-d87e-4ca3-8dd7-7ef5b1920e46-attachment.attach","source":"c18bb6a8c420c9f8.attach","type":"text/plain","size":23},{"uid":"63a5fc2700d7375d","name":"d54fbc1c-9a8d-4cdd-92c9-499089c8199a-attachment.attach","source":"63a5fc2700d7375d.attach","type":"text/plain","size":240},{"uid":"405e7f55d7a70c6b","name":"ee5ea870-d592-4af9-bde5-8904d2e246d9-attachment.attach","source":"405e7f55d7a70c6b.attach","type":"text/plain","size":20},{"uid":"86d3e79274335626","name":"stdout","source":"86d3e79274335626.txt","type":"text/plain","size":2340}],"parameters":[],"hasContent":true,"stepsCount":0,"attachmentsCount":4,"shouldDisplayMessage":true},"afterStages":[{"name":"driver::0","time":{"start":1766624649784,"stop":1766624650022,"duration":238},"status":"passed","steps":[],"attachments":[],"parameters":[],"hasContent":false,"stepsCount":0,"attachmentsCount":0,"shouldDisplayMessage":false}],"labels":[{"name":"parentSuite","value":"tests.steps"},{"name":"suite","value":"test_01_hide_input"},{"name":"host","value":"macdeMacBook-Pro.local"},{"name":"thread","value":"53870-MainThread"},{"name":"framework","value":"pytest"},{"name":"language","value":"cpython3"},{"name":"package","value":"tests.steps.test_01_hide_input"},{"name":"resultFormat","value":"allure2"}],"parameters":[{"name":"_pytest_bdd_example","value":"{'unit': 'MICHI', 'input': 'COAX 1', 'every': '13'}"}],"links":[],"hidden":true,"retry":true,"extra":{"categories":[],"tags":[]},"source":"17e05bfb959fb5f4.json","parameterValues":["{'unit': 'MICHI', 'input': 'COAX 1', 'every': '13'}"]}