{"uid":"30b95cc5ffe85976","name":"test_user_set_temporary_display_brightness","fullName":"tests.steps.test_03_adjust_display_brightness#test_user_set_temporary_display_brightness","historyId":"0d932db588da30fa84b3eefe0a765f67","time":{"start":1767583447714,"stop":1767583457359,"duration":9645},"description":"/Users/lily/PycharmProjects/pytest-bdd-project/amp/tests/features/03_adjust_display_brightness.feature: user_set_temporary_display_brightness","descriptionHtml":"<p>/Users/lily/PycharmProjects/pytest-bdd-project/amp/tests/features/03_adjust_display_brightness.feature: user_set_temporary_display_brightness</p>\n","status":"failed","statusMessage":"AssertionError: assert 'dimmer=0$' != 'dimmer=0$'","statusTrace":"fixturefunc = <function press_dim_button at 0x10c3dca40>, request = <FixtureRequest for <Function test_user_set_temporary_display_brightness>>\nkwargs = {'driver': <appium.webdriver.webdriver.WebDriver (session=\"9e33c9a5-080f-4381-8e5c-fd9e2a9e98d9\")>}\n\n    def call_fixture_func(\n        fixturefunc: _FixtureFunc[FixtureValue], request: FixtureRequest, kwargs\n    ) -> FixtureValue:\n        if is_generator(fixturefunc):\n            fixturefunc = cast(\n                Callable[..., Generator[FixtureValue, None, None]], fixturefunc\n            )\n            generator = fixturefunc(**kwargs)\n            try:\n                fixture_result = next(generator)\n            except StopIteration:\n                raise ValueError(f\"{request.fixturename} did not yield a value\") from None\n            finalizer = functools.partial(_teardown_yield_fixture, fixturefunc, generator)\n            request.addfinalizer(finalizer)\n        else:\n            fixturefunc = cast(Callable[..., FixtureValue], fixturefunc)\n>           fixture_result = fixturefunc(**kwargs)\n\n../../../Documents/pytest-bdd-example-master/.venv/lib/python3.12/site-packages/_pytest/fixtures.py:898: \n_ _ _ _ _ _ _ _ _ _ _ _ _ _ _ _ _ _ _ _ _ _ _ _ _ _ _ _ _ _ _ _ _ _ _ _ _ _ _ _ _ _ _ _ _ _ _ _ _ _ _ _ _ _ _ _ _ _ _ _ _ _ _ _ _ _ _ _ _ _ _ _ _ _ _ _ _ _ _ _ _ _ _\n\ndriver = <appium.webdriver.webdriver.WebDriver (session=\"9e33c9a5-080f-4381-8e5c-fd9e2a9e98d9\")>\n\n    @when(\"the user presses the Dim remote button\")\n    def press_dim_button(driver):\n        p_home = HomePage(driver)\n        before = serial_send(PORT, \"dimmer?\")\n        rs = p_home.change_display_brightness_temporarily()\n        after = serial_send(PORT, \"dimmer?\")\n        allure.attach(f\"结果：\\n {before}\\n {rs}\\n {after}\")\n>       assert before != after\nE       AssertionError: assert 'dimmer=0$' != 'dimmer=0$'\n\ntests/steps/test_03_adjust_display_brightness.py:80: AssertionError","flaky":false,"newFailed":false,"newBroken":false,"newPassed":false,"retriesCount":0,"retriesStatusChange":false,"beforeStages":[{"name":"_pytest_bdd_example","time":{"start":1767583447714,"stop":1767583447714,"duration":0},"status":"passed","steps":[],"attachments":[],"parameters":[],"hasContent":false,"stepsCount":0,"attachmentsCount":0,"shouldDisplayMessage":false},{"name":"driver","time":{"start":1767583447715,"stop":1767583452393,"duration":4678},"status":"passed","steps":[],"attachments":[],"parameters":[],"hasContent":false,"stepsCount":0,"attachmentsCount":0,"shouldDisplayMessage":false}],"testStage":{"description":"/Users/lily/PycharmProjects/pytest-bdd-project/amp/tests/features/03_adjust_display_brightness.feature: user_set_temporary_display_brightness","status":"failed","statusMessage":"AssertionError: assert 'dimmer=0$' != 'dimmer=0$'","statusTrace":"fixturefunc = <function press_dim_button at 0x10c3dca40>, request = <FixtureRequest for <Function test_user_set_temporary_display_brightness>>\nkwargs = {'driver': <appium.webdriver.webdriver.WebDriver (session=\"9e33c9a5-080f-4381-8e5c-fd9e2a9e98d9\")>}\n\n    def call_fixture_func(\n        fixturefunc: _FixtureFunc[FixtureValue], request: FixtureRequest, kwargs\n    ) -> FixtureValue:\n        if is_generator(fixturefunc):\n            fixturefunc = cast(\n                Callable[..., Generator[FixtureValue, None, None]], fixturefunc\n            )\n            generator = fixturefunc(**kwargs)\n            try:\n                fixture_result = next(generator)\n            except StopIteration:\n                raise ValueError(f\"{request.fixturename} did not yield a value\") from None\n            finalizer = functools.partial(_teardown_yield_fixture, fixturefunc, generator)\n            request.addfinalizer(finalizer)\n        else:\n            fixturefunc = cast(Callable[..., FixtureValue], fixturefunc)\n>           fixture_result = fixturefunc(**kwargs)\n\n../../../Documents/pytest-bdd-example-master/.venv/lib/python3.12/site-packages/_pytest/fixtures.py:898: \n_ _ _ _ _ _ _ _ _ _ _ _ _ _ _ _ _ _ _ _ _ _ _ _ _ _ _ _ _ _ _ _ _ _ _ _ _ _ _ _ _ _ _ _ _ _ _ _ _ _ _ _ _ _ _ _ _ _ _ _ _ _ _ _ _ _ _ _ _ _ _ _ _ _ _ _ _ _ _ _ _ _ _\n\ndriver = <appium.webdriver.webdriver.WebDriver (session=\"9e33c9a5-080f-4381-8e5c-fd9e2a9e98d9\")>\n\n    @when(\"the user presses the Dim remote button\")\n    def press_dim_button(driver):\n        p_home = HomePage(driver)\n        before = serial_send(PORT, \"dimmer?\")\n        rs = p_home.change_display_brightness_temporarily()\n        after = serial_send(PORT, \"dimmer?\")\n        allure.attach(f\"结果：\\n {before}\\n {rs}\\n {after}\")\n>       assert before != after\nE       AssertionError: assert 'dimmer=0$' != 'dimmer=0$'\n\ntests/steps/test_03_adjust_display_brightness.py:80: AssertionError","steps":[],"attachments":[{"uid":"23b015da2159c2c7","name":"b650b6df-d10b-431b-a65b-fb28ad805487-attachment.attach","source":"23b015da2159c2c7.attach","type":"text/plain","size":37},{"uid":"6364a063d2d62b38","name":"stdout","source":"6364a063d2d62b38.txt","type":"text/plain","size":120}],"parameters":[],"hasContent":true,"stepsCount":0,"attachmentsCount":2,"shouldDisplayMessage":true},"afterStages":[{"name":"driver::0","time":{"start":1767583457476,"stop":1767583457862,"duration":386},"status":"passed","steps":[],"attachments":[],"parameters":[],"hasContent":false,"stepsCount":0,"attachmentsCount":0,"shouldDisplayMessage":false}],"labels":[{"name":"parentSuite","value":"tests.steps"},{"name":"suite","value":"test_03_adjust_display_brightness"},{"name":"host","value":"macdeMacBook-Pro.local"},{"name":"thread","value":"14224-MainThread"},{"name":"framework","value":"pytest"},{"name":"language","value":"cpython3"},{"name":"package","value":"tests.steps.test_03_adjust_display_brightness"},{"name":"resultFormat","value":"allure2"}],"parameters":[],"links":[],"hidden":true,"retry":true,"extra":{"categories":[],"tags":[]},"source":"30b95cc5ffe85976.json","parameterValues":[]}