{"uid":"b49c335297c28f48","name":"test_user_hides_input_from_the_source_menu[MICHI-OPT 3-8]","fullName":"tests.steps.test_01_hide_input#test_user_hides_input_from_the_source_menu","historyId":"bae588736e7b4699efc0ecf45b9e83ce","time":{"start":1766628507358,"stop":1766628602109,"duration":94751},"description":"/Users/lily/PycharmProjects/pytest-bdd-project/amp/tests/features/01_hide_input.feature: user_hides_input_from_the_source_menu","descriptionHtml":"<p>/Users/lily/PycharmProjects/pytest-bdd-project/amp/tests/features/01_hide_input.feature: user_hides_input_from_the_source_menu</p>\n","status":"broken","statusMessage":"selenium.common.exceptions.WebDriverException: Message: An unknown server-side error occurred while processing the command. Original error: Error executing adbExec. Original error: 'Command '/Users/lily/Library/android_sdk/platform-tools/adb -P 5037 -s 192.168.0.41\\:5556 shell cmd package resolve-activity --brief com.appsuite.imagetotext' timed out after 20000ms'. Try to increase the 20000ms adb execution timeout represented by 'adbExecTimeout' capability\nStacktrace:\nUnknownError: An unknown server-side error occurred while processing the command. Original error: Error executing adbExec. Original error: 'Command '/Users/lily/Library/android_sdk/platform-tools/adb -P 5037 -s 192.168.0.41\\:5556 shell cmd package resolve-activity --brief com.appsuite.imagetotext' timed out after 20000ms'. Try to increase the 20000ms adb execution timeout represented by 'adbExecTimeout' capability\n    at getResponseForW3CError (/usr/local/lib/node_modules/appium/node_modules/@appium/base-driver/lib/protocol/errors.js:1145:9)\n    at asyncHandler (/usr/local/lib/node_modules/appium/node_modules/@appium/base-driver/lib/protocol/protocol.js:491:57)","statusTrace":"fixturefunc = <function has_disabled_the_input at 0x10de36700>\nrequest = <FixtureRequest for <Function test_user_hides_input_from_the_source_menu[MICHI-OPT 3-8]>>\nkwargs = {'driver': <appium.webdriver.webdriver.WebDriver (session=\"30501ed8-bb0a-41bc-86ec-757e0b347f51\")>, 'input': 'OPT 3', 'unit': 'MICHI'}\n\n    def call_fixture_func(\n        fixturefunc: _FixtureFunc[FixtureValue], request: FixtureRequest, kwargs\n    ) -> FixtureValue:\n        if is_generator(fixturefunc):\n            fixturefunc = cast(\n                Callable[..., Generator[FixtureValue, None, None]], fixturefunc\n            )\n            generator = fixturefunc(**kwargs)\n            try:\n                fixture_result = next(generator)\n            except StopIteration:\n                raise ValueError(f\"{request.fixturename} did not yield a value\") from None\n            finalizer = functools.partial(_teardown_yield_fixture, fixturefunc, generator)\n            request.addfinalizer(finalizer)\n        else:\n            fixturefunc = cast(Callable[..., FixtureValue], fixturefunc)\n>           fixture_result = fixturefunc(**kwargs)\n\n../../../Documents/pytest-bdd-example-master/.venv/lib/python3.12/site-packages/_pytest/fixtures.py:898: \n_ _ _ _ _ _ _ _ _ _ _ _ _ _ _ _ _ _ _ _ _ _ _ _ _ _ _ _ _ _ _ _ _ _ _ _ _ _ _ _ _ _ _ _ _ _ _ _ _ _ _ _ _ _ _ _ _ _ _ _ _ _ _ _ _ _ _ _ _ _ _ _ _ _\ntests/steps/test_01_hide_input.py:28: in has_disabled_the_input\n    rs2 = p_input.change_source_status(unit)\npages/source_page.py:13: in change_source_status\n    return self.change_setting(model, layout, \"enabled\", \"No\")\npages/robot.py:323: in change_setting\n    scanned_display = self.scan_menu()\npages/robot.py:174: in scan_menu\n    self.activate_scanner()\npages/robot.py:74: in activate_scanner\n    self.driver.activate_app(\"com.appsuite.imagetotext\")\n../../../Documents/pytest-bdd-example-master/.venv/lib/python3.12/site-packages/appium/webdriver/extensions/applications.py:187: in activate_app\n    self.assert_extension_exists(ext_name).execute_script(\n../../../Documents/pytest-bdd-example-master/.venv/lib/python3.12/site-packages/selenium/webdriver/remote/webdriver.py:528: in execute_script\n    return self.execute(command, {\"script\": script, \"args\": converted_args})[\"value\"]\n../../../Documents/pytest-bdd-example-master/.venv/lib/python3.12/site-packages/selenium/webdriver/remote/webdriver.py:429: in execute\n    self.error_handler.check_response(response)\n_ _ _ _ _ _ _ _ _ _ _ _ _ _ _ _ _ _ _ _ _ _ _ _ _ _ _ _ _ _ _ _ _ _ _ _ _ _ _ _ _ _ _ _ _ _ _ _ _ _ _ _ _ _ _ _ _ _ _ _ _ _ _ _ _ _ _ _ _ _ _ _ _ _\n\nself = <appium.webdriver.errorhandler.MobileErrorHandler object at 0x10ac8d520>\nresponse = {'status': 500, 'value': '{\"value\":{\"error\":\"unknown error\",\"message\":\"An unknown server-side error occurred while pro...asyncHandler (/usr/local/lib/node_modules/appium/node_modules/@appium/base-driver/lib/protocol/protocol.js:491:57)\"}}'}\n\n    def check_response(self, response: Dict[str, Any]) -> None:\n        \"\"\"\n        https://www.w3.org/TR/webdriver/#errors\n        \"\"\"\n        payload = response.get('value', '')\n        if isinstance(payload, dict):\n            payload_dict = payload\n        else:\n            try:\n                payload_dict = json.loads(payload)\n            except (json.JSONDecodeError, TypeError):\n                return\n            if not isinstance(payload_dict, dict):\n                return\n        value = payload_dict.get('value')\n        if not isinstance(value, dict):\n            return\n        error = value.get('error')\n        if not error:\n            return\n    \n        message = value.get('message', error)\n        stacktrace = value.get('stacktrace', '')\n        # In theory, we should also be checking HTTP status codes.\n        # Java client, for example, prints a warning if the actual `error`\n        # value does not match to the response's HTTP status code.\n        exception_class: Type[sel_exceptions.WebDriverException] = ERROR_TO_EXC_MAPPING.get(\n            error, sel_exceptions.WebDriverException\n        )\n        if exception_class is sel_exceptions.WebDriverException and message:\n            if message == 'No such context found.':\n                exception_class = appium_exceptions.NoSuchContextException\n            elif message == 'That command could not be executed in the current context.':\n                exception_class = appium_exceptions.InvalidSwitchToTargetException\n    \n        if exception_class is sel_exceptions.UnexpectedAlertPresentException:\n            raise sel_exceptions.UnexpectedAlertPresentException(\n                msg=message,\n                stacktrace=format_stacktrace(stacktrace),\n                alert_text=value.get('data'),\n            )\n>       raise exception_class(msg=message, stacktrace=format_stacktrace(stacktrace))\nE       selenium.common.exceptions.WebDriverException: Message: An unknown server-side error occurred while processing the command. Original error: Error executing adbExec. Original error: 'Command '/Users/lily/Library/android_sdk/platform-tools/adb -P 5037 -s 192.168.0.41\\:5556 shell cmd package resolve-activity --brief com.appsuite.imagetotext' timed out after 20000ms'. Try to increase the 20000ms adb execution timeout represented by 'adbExecTimeout' capability\nE       Stacktrace:\nE       UnknownError: An unknown server-side error occurred while processing the command. Original error: Error executing adbExec. Original error: 'Command '/Users/lily/Library/android_sdk/platform-tools/adb -P 5037 -s 192.168.0.41\\:5556 shell cmd package resolve-activity --brief com.appsuite.imagetotext' timed out after 20000ms'. Try to increase the 20000ms adb execution timeout represented by 'adbExecTimeout' capability\nE           at getResponseForW3CError (/usr/local/lib/node_modules/appium/node_modules/@appium/base-driver/lib/protocol/errors.js:1145:9)\nE           at asyncHandler (/usr/local/lib/node_modules/appium/node_modules/@appium/base-driver/lib/protocol/protocol.js:491:57)\n\n../../../Documents/pytest-bdd-example-master/.venv/lib/python3.12/site-packages/appium/webdriver/errorhandler.py:125: WebDriverException","flaky":false,"newFailed":false,"newBroken":false,"newPassed":false,"retriesCount":0,"retriesStatusChange":false,"beforeStages":[{"name":"driver","time":{"start":1766628507359,"stop":1766628524510,"duration":17151},"status":"passed","steps":[],"attachments":[],"parameters":[],"hasContent":false,"stepsCount":0,"attachmentsCount":0,"shouldDisplayMessage":false}],"testStage":{"description":"/Users/lily/PycharmProjects/pytest-bdd-project/amp/tests/features/01_hide_input.feature: user_hides_input_from_the_source_menu","status":"broken","statusMessage":"selenium.common.exceptions.WebDriverException: Message: An unknown server-side error occurred while processing the command. Original error: Error executing adbExec. Original error: 'Command '/Users/lily/Library/android_sdk/platform-tools/adb -P 5037 -s 192.168.0.41\\:5556 shell cmd package resolve-activity --brief com.appsuite.imagetotext' timed out after 20000ms'. Try to increase the 20000ms adb execution timeout represented by 'adbExecTimeout' capability\nStacktrace:\nUnknownError: An unknown server-side error occurred while processing the command. Original error: Error executing adbExec. Original error: 'Command '/Users/lily/Library/android_sdk/platform-tools/adb -P 5037 -s 192.168.0.41\\:5556 shell cmd package resolve-activity --brief com.appsuite.imagetotext' timed out after 20000ms'. Try to increase the 20000ms adb execution timeout represented by 'adbExecTimeout' capability\n    at getResponseForW3CError (/usr/local/lib/node_modules/appium/node_modules/@appium/base-driver/lib/protocol/errors.js:1145:9)\n    at asyncHandler (/usr/local/lib/node_modules/appium/node_modules/@appium/base-driver/lib/protocol/protocol.js:491:57)","statusTrace":"fixturefunc = <function has_disabled_the_input at 0x10de36700>\nrequest = <FixtureRequest for <Function test_user_hides_input_from_the_source_menu[MICHI-OPT 3-8]>>\nkwargs = {'driver': <appium.webdriver.webdriver.WebDriver (session=\"30501ed8-bb0a-41bc-86ec-757e0b347f51\")>, 'input': 'OPT 3', 'unit': 'MICHI'}\n\n    def call_fixture_func(\n        fixturefunc: _FixtureFunc[FixtureValue], request: FixtureRequest, kwargs\n    ) -> FixtureValue:\n        if is_generator(fixturefunc):\n            fixturefunc = cast(\n                Callable[..., Generator[FixtureValue, None, None]], fixturefunc\n            )\n            generator = fixturefunc(**kwargs)\n            try:\n                fixture_result = next(generator)\n            except StopIteration:\n                raise ValueError(f\"{request.fixturename} did not yield a value\") from None\n            finalizer = functools.partial(_teardown_yield_fixture, fixturefunc, generator)\n            request.addfinalizer(finalizer)\n        else:\n            fixturefunc = cast(Callable[..., FixtureValue], fixturefunc)\n>           fixture_result = fixturefunc(**kwargs)\n\n../../../Documents/pytest-bdd-example-master/.venv/lib/python3.12/site-packages/_pytest/fixtures.py:898: \n_ _ _ _ _ _ _ _ _ _ _ _ _ _ _ _ _ _ _ _ _ _ _ _ _ _ _ _ _ _ _ _ _ _ _ _ _ _ _ _ _ _ _ _ _ _ _ _ _ _ _ _ _ _ _ _ _ _ _ _ _ _ _ _ _ _ _ _ _ _ _ _ _ _\ntests/steps/test_01_hide_input.py:28: in has_disabled_the_input\n    rs2 = p_input.change_source_status(unit)\npages/source_page.py:13: in change_source_status\n    return self.change_setting(model, layout, \"enabled\", \"No\")\npages/robot.py:323: in change_setting\n    scanned_display = self.scan_menu()\npages/robot.py:174: in scan_menu\n    self.activate_scanner()\npages/robot.py:74: in activate_scanner\n    self.driver.activate_app(\"com.appsuite.imagetotext\")\n../../../Documents/pytest-bdd-example-master/.venv/lib/python3.12/site-packages/appium/webdriver/extensions/applications.py:187: in activate_app\n    self.assert_extension_exists(ext_name).execute_script(\n../../../Documents/pytest-bdd-example-master/.venv/lib/python3.12/site-packages/selenium/webdriver/remote/webdriver.py:528: in execute_script\n    return self.execute(command, {\"script\": script, \"args\": converted_args})[\"value\"]\n../../../Documents/pytest-bdd-example-master/.venv/lib/python3.12/site-packages/selenium/webdriver/remote/webdriver.py:429: in execute\n    self.error_handler.check_response(response)\n_ _ _ _ _ _ _ _ _ _ _ _ _ _ _ _ _ _ _ _ _ _ _ _ _ _ _ _ _ _ _ _ _ _ _ _ _ _ _ _ _ _ _ _ _ _ _ _ _ _ _ _ _ _ _ _ _ _ _ _ _ _ _ _ _ _ _ _ _ _ _ _ _ _\n\nself = <appium.webdriver.errorhandler.MobileErrorHandler object at 0x10ac8d520>\nresponse = {'status': 500, 'value': '{\"value\":{\"error\":\"unknown error\",\"message\":\"An unknown server-side error occurred while pro...asyncHandler (/usr/local/lib/node_modules/appium/node_modules/@appium/base-driver/lib/protocol/protocol.js:491:57)\"}}'}\n\n    def check_response(self, response: Dict[str, Any]) -> None:\n        \"\"\"\n        https://www.w3.org/TR/webdriver/#errors\n        \"\"\"\n        payload = response.get('value', '')\n        if isinstance(payload, dict):\n            payload_dict = payload\n        else:\n            try:\n                payload_dict = json.loads(payload)\n            except (json.JSONDecodeError, TypeError):\n                return\n            if not isinstance(payload_dict, dict):\n                return\n        value = payload_dict.get('value')\n        if not isinstance(value, dict):\n            return\n        error = value.get('error')\n        if not error:\n            return\n    \n        message = value.get('message', error)\n        stacktrace = value.get('stacktrace', '')\n        # In theory, we should also be checking HTTP status codes.\n        # Java client, for example, prints a warning if the actual `error`\n        # value does not match to the response's HTTP status code.\n        exception_class: Type[sel_exceptions.WebDriverException] = ERROR_TO_EXC_MAPPING.get(\n            error, sel_exceptions.WebDriverException\n        )\n        if exception_class is sel_exceptions.WebDriverException and message:\n            if message == 'No such context found.':\n                exception_class = appium_exceptions.NoSuchContextException\n            elif message == 'That command could not be executed in the current context.':\n                exception_class = appium_exceptions.InvalidSwitchToTargetException\n    \n        if exception_class is sel_exceptions.UnexpectedAlertPresentException:\n            raise sel_exceptions.UnexpectedAlertPresentException(\n                msg=message,\n                stacktrace=format_stacktrace(stacktrace),\n                alert_text=value.get('data'),\n            )\n>       raise exception_class(msg=message, stacktrace=format_stacktrace(stacktrace))\nE       selenium.common.exceptions.WebDriverException: Message: An unknown server-side error occurred while processing the command. Original error: Error executing adbExec. Original error: 'Command '/Users/lily/Library/android_sdk/platform-tools/adb -P 5037 -s 192.168.0.41\\:5556 shell cmd package resolve-activity --brief com.appsuite.imagetotext' timed out after 20000ms'. Try to increase the 20000ms adb execution timeout represented by 'adbExecTimeout' capability\nE       Stacktrace:\nE       UnknownError: An unknown server-side error occurred while processing the command. Original error: Error executing adbExec. Original error: 'Command '/Users/lily/Library/android_sdk/platform-tools/adb -P 5037 -s 192.168.0.41\\:5556 shell cmd package resolve-activity --brief com.appsuite.imagetotext' timed out after 20000ms'. Try to increase the 20000ms adb execution timeout represented by 'adbExecTimeout' capability\nE           at getResponseForW3CError (/usr/local/lib/node_modules/appium/node_modules/@appium/base-driver/lib/protocol/errors.js:1145:9)\nE           at asyncHandler (/usr/local/lib/node_modules/appium/node_modules/@appium/base-driver/lib/protocol/protocol.js:491:57)\n\n../../../Documents/pytest-bdd-example-master/.venv/lib/python3.12/site-packages/appium/webdriver/errorhandler.py:125: WebDriverException","steps":[],"attachments":[{"uid":"b24c1ea06e3fa504","name":"8fd47860-c8bc-4101-a644-21930a7e00b9-attachment.attach","source":"b24c1ea06e3fa504.attach","type":"text/plain","size":23},{"uid":"113714783fbf810f","name":"log","source":"113714783fbf810f.txt","type":"text/plain","size":1019},{"uid":"6ea3ae233751026","name":"stdout","source":"6ea3ae233751026.txt","type":"text/plain","size":515}],"parameters":[],"hasContent":true,"stepsCount":0,"attachmentsCount":3,"shouldDisplayMessage":true},"afterStages":[{"name":"driver::0","time":{"start":1766628602297,"stop":1766628617566,"duration":15269},"status":"broken","statusMessage":"urllib3.exceptions.MaxRetryError: HTTPConnectionPool(host='localhost', port=4723): Max retries exceeded with url: /session/30501ed8-bb0a-41bc-86ec-757e0b347f51 (Caused by NewConnectionError('<urllib3.connection.HTTPConnection object at 0x10e22a3c0>: Failed to establish a new connection: [Errno 61] Connection refused'))\n","statusTrace":"  File \"/Users/lily/Documents/pytest-bdd-example-master/.venv/lib/python3.12/site-packages/allure_commons/_allure.py\", line 221, in __call__\n    return self._fixture_function(*args, **kwargs)\n           ^^^^^^^^^^^^^^^^^^^^^^^^^^^^^^^^^^^^^^^\n  File \"/Users/lily/Documents/pytest-bdd-example-master/.venv/lib/python3.12/site-packages/_pytest/fixtures.py\", line 907, in _teardown_yield_fixture\n    next(it)\n  File \"/Users/lily/PycharmProjects/pytest-bdd-project/amp/conftest.py\", line 40, in driver\n    driver.quit()\n  File \"/Users/lily/Documents/pytest-bdd-example-master/.venv/lib/python3.12/site-packages/selenium/webdriver/remote/webdriver.py\", line 589, in quit\n    self.execute(Command.QUIT)\n  File \"/Users/lily/Documents/pytest-bdd-example-master/.venv/lib/python3.12/site-packages/selenium/webdriver/remote/webdriver.py\", line 427, in execute\n    response = self.command_executor.execute(driver_command, params)\n               ^^^^^^^^^^^^^^^^^^^^^^^^^^^^^^^^^^^^^^^^^^^^^^^^^^^^^\n  File \"/Users/lily/Documents/pytest-bdd-example-master/.venv/lib/python3.12/site-packages/selenium/webdriver/remote/remote_connection.py\", line 404, in execute\n    return self._request(command_info[0], url, body=data)\n           ^^^^^^^^^^^^^^^^^^^^^^^^^^^^^^^^^^^^^^^^^^^^^^\n  File \"/Users/lily/Documents/pytest-bdd-example-master/.venv/lib/python3.12/site-packages/selenium/webdriver/remote/remote_connection.py\", line 428, in _request\n    response = self._conn.request(method, url, body=body, headers=headers, timeout=self._client_config.timeout)\n               ^^^^^^^^^^^^^^^^^^^^^^^^^^^^^^^^^^^^^^^^^^^^^^^^^^^^^^^^^^^^^^^^^^^^^^^^^^^^^^^^^^^^^^^^^^^^^^^^\n  File \"/Users/lily/Documents/pytest-bdd-example-master/.venv/lib/python3.12/site-packages/urllib3/_request_methods.py\", line 135, in request\n    return self.request_encode_url(\n           ^^^^^^^^^^^^^^^^^^^^^^^^\n  File \"/Users/lily/Documents/pytest-bdd-example-master/.venv/lib/python3.12/site-packages/urllib3/_request_methods.py\", line 182, in request_encode_url\n    return self.urlopen(method, url, **extra_kw)\n           ^^^^^^^^^^^^^^^^^^^^^^^^^^^^^^^^^^^^^\n  File \"/Users/lily/Documents/pytest-bdd-example-master/.venv/lib/python3.12/site-packages/urllib3/poolmanager.py\", line 443, in urlopen\n    response = conn.urlopen(method, u.request_uri, **kw)\n               ^^^^^^^^^^^^^^^^^^^^^^^^^^^^^^^^^^^^^^^^^\n  File \"/Users/lily/Documents/pytest-bdd-example-master/.venv/lib/python3.12/site-packages/urllib3/connectionpool.py\", line 871, in urlopen\n    return self.urlopen(\n           ^^^^^^^^^^^^^\n  File \"/Users/lily/Documents/pytest-bdd-example-master/.venv/lib/python3.12/site-packages/urllib3/connectionpool.py\", line 871, in urlopen\n    return self.urlopen(\n           ^^^^^^^^^^^^^\n  File \"/Users/lily/Documents/pytest-bdd-example-master/.venv/lib/python3.12/site-packages/urllib3/connectionpool.py\", line 871, in urlopen\n    return self.urlopen(\n           ^^^^^^^^^^^^^\n  File \"/Users/lily/Documents/pytest-bdd-example-master/.venv/lib/python3.12/site-packages/urllib3/connectionpool.py\", line 841, in urlopen\n    retries = retries.increment(\n              ^^^^^^^^^^^^^^^^^^\n  File \"/Users/lily/Documents/pytest-bdd-example-master/.venv/lib/python3.12/site-packages/urllib3/util/retry.py\", line 519, in increment\n    raise MaxRetryError(_pool, url, reason) from reason  # type: ignore[arg-type]\n    ^^^^^^^^^^^^^^^^^^^^^^^^^^^^^^^^^^^^^^^^^^^^^^^^^^^\n","steps":[],"attachments":[],"parameters":[],"hasContent":true,"stepsCount":0,"attachmentsCount":0,"shouldDisplayMessage":true}],"labels":[{"name":"parentSuite","value":"tests.steps"},{"name":"suite","value":"test_01_hide_input"},{"name":"host","value":"macdeMacBook-Pro.local"},{"name":"thread","value":"55497-MainThread"},{"name":"framework","value":"pytest"},{"name":"language","value":"cpython3"},{"name":"package","value":"tests.steps.test_01_hide_input"},{"name":"resultFormat","value":"allure2"}],"parameters":[{"name":"_pytest_bdd_example","value":"{'unit': 'MICHI', 'input': 'OPT 3', 'every': '8'}"}],"links":[],"hidden":true,"retry":true,"extra":{"categories":[],"tags":[]},"source":"b49c335297c28f48.json","parameterValues":["{'unit': 'MICHI', 'input': 'OPT 3', 'every': '8'}"]}