{"uid":"76dc51cadd5371a1","name":"test_user_set_led_brightness[MICHI-High]","fullName":"tests.steps.test_03_adjust_led_brightness#test_user_set_led_brightness","historyId":"f011abc2111a588a86982350c174ca1f","time":{"start":1768290708357,"stop":1768290798731,"duration":90374},"description":"/Users/lily/PycharmProjects/pytest-bdd-project/amp/tests/features/03_adjust_led_brightness.feature: user_set_led_brightness","descriptionHtml":"<p>/Users/lily/PycharmProjects/pytest-bdd-project/amp/tests/features/03_adjust_led_brightness.feature: user_set_led_brightness</p>\n","status":"failed","statusMessage":"AssertionError: assert False is True","statusTrace":"fixturefunc = <function should_see_a_match at 0x1110c8860>, request = <FixtureRequest for <Function test_user_set_led_brightness[MICHI-High]>>\nkwargs = {'driver': <appium.webdriver.webdriver.WebDriver (session=\"7eb615b1-6c91-443a-87de-e8ed7d3c767d\")>}\n\n    def call_fixture_func(\n        fixturefunc: _FixtureFunc[FixtureValue], request: FixtureRequest, kwargs\n    ) -> FixtureValue:\n        if is_generator(fixturefunc):\n            fixturefunc = cast(\n                Callable[..., Generator[FixtureValue, None, None]], fixturefunc\n            )\n            generator = fixturefunc(**kwargs)\n            try:\n                fixture_result = next(generator)\n            except StopIteration:\n                raise ValueError(f\"{request.fixturename} did not yield a value\") from None\n            finalizer = functools.partial(_teardown_yield_fixture, fixturefunc, generator)\n            request.addfinalizer(finalizer)\n        else:\n            fixturefunc = cast(Callable[..., FixtureValue], fixturefunc)\n>           fixture_result = fixturefunc(**kwargs)\n\n../../../Documents/pytest-bdd-example-master/.venv/lib/python3.12/site-packages/_pytest/fixtures.py:898: \n_ _ _ _ _ _ _ _ _ _ _ _ _ _ _ _ _ _ _ _ _ _ _ _ _ _ _ _ _ _ _ _ _ _ _ _ _ _ _ _ _ _ _ _ _ _ _ _ _ _ _ _ _ _ _ _ _ _ _ _ _ _ _ _ _ _ _ _ _ _ _ _ _ _ _ _ _ _ _ _ _ _ _ _\n\ndriver = <appium.webdriver.webdriver.WebDriver (session=\"7eb615b1-6c91-443a-87de-e8ed7d3c767d\")>\n\n    @then(\"the user should see the led brightness level match the companion unit's\")\n    def should_see_a_match(driver):\n        p_home = HomePage(driver)\n    \n        # Q430 show sample V1.00.00\n        companion_match = False\n>       assert companion_match is True\nE       assert False is True\n\ntests/steps/test_03_adjust_led_brightness.py:71: AssertionError","flaky":false,"newFailed":false,"newBroken":false,"newPassed":false,"retriesCount":1,"retriesStatusChange":false,"beforeStages":[{"name":"driver","time":{"start":1768290708358,"stop":1768290711918,"duration":3560},"status":"passed","steps":[],"attachments":[],"parameters":[],"stepsCount":0,"attachmentsCount":0,"shouldDisplayMessage":false,"hasContent":false}],"testStage":{"description":"/Users/lily/PycharmProjects/pytest-bdd-project/amp/tests/features/03_adjust_led_brightness.feature: user_set_led_brightness","status":"failed","statusMessage":"AssertionError: assert False is True","statusTrace":"fixturefunc = <function should_see_a_match at 0x1110c8860>, request = <FixtureRequest for <Function test_user_set_led_brightness[MICHI-High]>>\nkwargs = {'driver': <appium.webdriver.webdriver.WebDriver (session=\"7eb615b1-6c91-443a-87de-e8ed7d3c767d\")>}\n\n    def call_fixture_func(\n        fixturefunc: _FixtureFunc[FixtureValue], request: FixtureRequest, kwargs\n    ) -> FixtureValue:\n        if is_generator(fixturefunc):\n            fixturefunc = cast(\n                Callable[..., Generator[FixtureValue, None, None]], fixturefunc\n            )\n            generator = fixturefunc(**kwargs)\n            try:\n                fixture_result = next(generator)\n            except StopIteration:\n                raise ValueError(f\"{request.fixturename} did not yield a value\") from None\n            finalizer = functools.partial(_teardown_yield_fixture, fixturefunc, generator)\n            request.addfinalizer(finalizer)\n        else:\n            fixturefunc = cast(Callable[..., FixtureValue], fixturefunc)\n>           fixture_result = fixturefunc(**kwargs)\n\n../../../Documents/pytest-bdd-example-master/.venv/lib/python3.12/site-packages/_pytest/fixtures.py:898: \n_ _ _ _ _ _ _ _ _ _ _ _ _ _ _ _ _ _ _ _ _ _ _ _ _ _ _ _ _ _ _ _ _ _ _ _ _ _ _ _ _ _ _ _ _ _ _ _ _ _ _ _ _ _ _ _ _ _ _ _ _ _ _ _ _ _ _ _ _ _ _ _ _ _ _ _ _ _ _ _ _ _ _ _\n\ndriver = <appium.webdriver.webdriver.WebDriver (session=\"7eb615b1-6c91-443a-87de-e8ed7d3c767d\")>\n\n    @then(\"the user should see the led brightness level match the companion unit's\")\n    def should_see_a_match(driver):\n        p_home = HomePage(driver)\n    \n        # Q430 show sample V1.00.00\n        companion_match = False\n>       assert companion_match is True\nE       assert False is True\n\ntests/steps/test_03_adjust_led_brightness.py:71: AssertionError","steps":[],"attachments":[{"uid":"bf9e8c1eb74f9f8e","name":"fef716af-ffde-4478-8991-b43719fb0592-attachment.attach","source":"bf9e8c1eb74f9f8e.attach","type":"text/plain","size":87},{"uid":"20bd5cda3ee6232f","name":"6a1fdff2-f980-4b7c-9d67-2dd9aea74658-attachment.attach","source":"20bd5cda3ee6232f.attach","type":"text/plain","size":30},{"uid":"8a4805f12f89d4ce","name":"stdout","source":"8a4805f12f89d4ce.txt","type":"text/plain","size":278}],"parameters":[],"stepsCount":0,"attachmentsCount":3,"shouldDisplayMessage":true,"hasContent":true},"afterStages":[{"name":"driver::0","time":{"start":1768290798765,"stop":1768290799074,"duration":309},"status":"passed","steps":[],"attachments":[],"parameters":[],"stepsCount":0,"attachmentsCount":0,"shouldDisplayMessage":false,"hasContent":false}],"labels":[{"name":"parentSuite","value":"tests.steps"},{"name":"suite","value":"test_03_adjust_led_brightness"},{"name":"host","value":"macdeMacBook-Pro.local"},{"name":"thread","value":"2743-MainThread"},{"name":"framework","value":"pytest"},{"name":"language","value":"cpython3"},{"name":"package","value":"tests.steps.test_03_adjust_led_brightness"},{"name":"resultFormat","value":"allure2"}],"parameters":[{"name":"_pytest_bdd_example","value":"{'unit': 'MICHI', 'brightness': 'High'}"}],"links":[],"hidden":false,"retry":false,"extra":{"severity":"normal","retries":[{"uid":"87cc7ec301f92c9f","status":"failed","statusDetails":"AssertionError: assert 'Yes' in 'Manual_check: No'","time":{"start":1767838401305,"stop":1767838485758,"duration":84453}}],"categories":[{"name":"Product defects","matchedStatuses":[],"flaky":false}],"tags":[]},"source":"76dc51cadd5371a1.json","parameterValues":["{'unit': 'MICHI', 'brightness': 'High'}"]}