{"uid":"9a1de6e7c8ca3e49","name":"test_auto_power_off_successfully[MICHI-20 Mins-1260]","fullName":"tests.steps.test_05_auto_power_off#test_auto_power_off_successfully","historyId":"176071969405235097b1068e4edfd214","time":{"start":1770085672861,"stop":1770085715693,"duration":42832},"description":"/Users/lily/PycharmProjects/pytest-bdd-project/amp/tests/features/05_auto_power_off.feature: Auto power off successfully","descriptionHtml":"<p>/Users/lily/PycharmProjects/pytest-bdd-project/amp/tests/features/05_auto_power_off.feature: Auto power off successfully</p>\n","status":"broken","statusMessage":"selenium.common.exceptions.WebDriverException: Message: An unknown server-side error occurred while processing the command. Original error: Error executing adbExec. Original error: 'Command '/Users/lily/Library/android_sdk/platform-tools/adb -P 5037 -s 192.168.0.75\\:5556 shell cmd package resolve-activity --brief com.appsuite.imagetotext' timed out after 20000ms'. Try to increase the 20000ms adb execution timeout represented by 'adbExecTimeout' capability\nStacktrace:\nUnknownError: An unknown server-side error occurred while processing the command. Original error: Error executing adbExec. Original error: 'Command '/Users/lily/Library/android_sdk/platform-tools/adb -P 5037 -s 192.168.0.75\\:5556 shell cmd package resolve-activity --brief com.appsuite.imagetotext' timed out after 20000ms'. Try to increase the 20000ms adb execution timeout represented by 'adbExecTimeout' capability\n    at getResponseForW3CError (/usr/local/lib/node_modules/appium/node_modules/@appium/base-driver/lib/protocol/errors.js:1145:9)\n    at asyncHandler (/usr/local/lib/node_modules/appium/node_modules/@appium/base-driver/lib/protocol/protocol.js:491:57)","statusTrace":"fixturefunc = <function has_edited_apd at 0x112a14860>, request = <FixtureRequest for <Function test_auto_power_off_successfully[MICHI-20 Mins-1260]>>\nkwargs = {'driver': <appium.webdriver.webdriver.WebDriver (session=\"e2889764-9804-4270-9763-64ba50cb4057\")>, 'unit': 'MICHI', 'value': '20 Mins'}\n\n    def call_fixture_func(\n        fixturefunc: _FixtureFunc[FixtureValue], request: FixtureRequest, kwargs\n    ) -> FixtureValue:\n        if is_generator(fixturefunc):\n            fixturefunc = cast(\n                Callable[..., Generator[FixtureValue, None, None]], fixturefunc\n            )\n            generator = fixturefunc(**kwargs)\n            try:\n                fixture_result = next(generator)\n            except StopIteration:\n                raise ValueError(f\"{request.fixturename} did not yield a value\") from None\n            finalizer = functools.partial(_teardown_yield_fixture, fixturefunc, generator)\n            request.addfinalizer(finalizer)\n        else:\n            fixturefunc = cast(Callable[..., FixtureValue], fixturefunc)\n>           fixture_result = fixturefunc(**kwargs)\n\n../../../Documents/pytest-bdd-example-master/.venv/lib/python3.12/site-packages/_pytest/fixtures.py:898: \n_ _ _ _ _ _ _ _ _ _ _ _ _ _ _ _ _ _ _ _ _ _ _ _ _ _ _ _ _ _ _ _ _ _ _ _ _ _ _ _ _ _ _ _ _ _ _ _ _ _ _ _ _ _ _ _ _ _ _ _ _ _ _ _ _ _ _ _ _ _ _ _ _ _ _ _ _ _ _ _ _ _ _ _\ntests/steps/test_05_auto_power_off.py:29: in has_edited_apd\n    rs = p_system.change_auto_power_off(unit, value)\npages/system_page.py:9: in change_auto_power_off\n    return self.change_setting(model, layout, \"apd\", expected)\npages/robot.py:376: in change_setting\n    scanned_display = self.scan_menu()\npages/robot.py:221: in scan_menu\n    self.activate_scanner()\npages/robot.py:76: in activate_scanner\n    self.driver.activate_app(\"com.appsuite.imagetotext\")\n../../../Documents/pytest-bdd-example-master/.venv/lib/python3.12/site-packages/appium/webdriver/extensions/applications.py:187: in activate_app\n    self.assert_extension_exists(ext_name).execute_script(\n../../../Documents/pytest-bdd-example-master/.venv/lib/python3.12/site-packages/selenium/webdriver/remote/webdriver.py:528: in execute_script\n    return self.execute(command, {\"script\": script, \"args\": converted_args})[\"value\"]\n../../../Documents/pytest-bdd-example-master/.venv/lib/python3.12/site-packages/selenium/webdriver/remote/webdriver.py:429: in execute\n    self.error_handler.check_response(response)\n_ _ _ _ _ _ _ _ _ _ _ _ _ _ _ _ _ _ _ _ _ _ _ _ _ _ _ _ _ _ _ _ _ _ _ _ _ _ _ _ _ _ _ _ _ _ _ _ _ _ _ _ _ _ _ _ _ _ _ _ _ _ _ _ _ _ _ _ _ _ _ _ _ _ _ _ _ _ _ _ _ _ _ _\n\nself = <appium.webdriver.errorhandler.MobileErrorHandler object at 0x10f89b680>\nresponse = {'status': 500, 'value': '{\"value\":{\"error\":\"unknown error\",\"message\":\"An unknown server-side error occurred while pro...asyncHandler (/usr/local/lib/node_modules/appium/node_modules/@appium/base-driver/lib/protocol/protocol.js:491:57)\"}}'}\n\n    def check_response(self, response: Dict[str, Any]) -> None:\n        \"\"\"\n        https://www.w3.org/TR/webdriver/#errors\n        \"\"\"\n        payload = response.get('value', '')\n        if isinstance(payload, dict):\n            payload_dict = payload\n        else:\n            try:\n                payload_dict = json.loads(payload)\n            except (json.JSONDecodeError, TypeError):\n                return\n            if not isinstance(payload_dict, dict):\n                return\n        value = payload_dict.get('value')\n        if not isinstance(value, dict):\n            return\n        error = value.get('error')\n        if not error:\n            return\n    \n        message = value.get('message', error)\n        stacktrace = value.get('stacktrace', '')\n        # In theory, we should also be checking HTTP status codes.\n        # Java client, for example, prints a warning if the actual `error`\n        # value does not match to the response's HTTP status code.\n        exception_class: Type[sel_exceptions.WebDriverException] = ERROR_TO_EXC_MAPPING.get(\n            error, sel_exceptions.WebDriverException\n        )\n        if exception_class is sel_exceptions.WebDriverException and message:\n            if message == 'No such context found.':\n                exception_class = appium_exceptions.NoSuchContextException\n            elif message == 'That command could not be executed in the current context.':\n                exception_class = appium_exceptions.InvalidSwitchToTargetException\n    \n        if exception_class is sel_exceptions.UnexpectedAlertPresentException:\n            raise sel_exceptions.UnexpectedAlertPresentException(\n                msg=message,\n                stacktrace=format_stacktrace(stacktrace),\n                alert_text=value.get('data'),\n            )\n>       raise exception_class(msg=message, stacktrace=format_stacktrace(stacktrace))\nE       selenium.common.exceptions.WebDriverException: Message: An unknown server-side error occurred while processing the command. Original error: Error executing adbExec. Original error: 'Command '/Users/lily/Library/android_sdk/platform-tools/adb -P 5037 -s 192.168.0.75\\:5556 shell cmd package resolve-activity --brief com.appsuite.imagetotext' timed out after 20000ms'. Try to increase the 20000ms adb execution timeout represented by 'adbExecTimeout' capability\nE       Stacktrace:\nE       UnknownError: An unknown server-side error occurred while processing the command. Original error: Error executing adbExec. Original error: 'Command '/Users/lily/Library/android_sdk/platform-tools/adb -P 5037 -s 192.168.0.75\\:5556 shell cmd package resolve-activity --brief com.appsuite.imagetotext' timed out after 20000ms'. Try to increase the 20000ms adb execution timeout represented by 'adbExecTimeout' capability\nE           at getResponseForW3CError (/usr/local/lib/node_modules/appium/node_modules/@appium/base-driver/lib/protocol/errors.js:1145:9)\nE           at asyncHandler (/usr/local/lib/node_modules/appium/node_modules/@appium/base-driver/lib/protocol/protocol.js:491:57)\n\n../../../Documents/pytest-bdd-example-master/.venv/lib/python3.12/site-packages/appium/webdriver/errorhandler.py:125: WebDriverException","flaky":false,"newFailed":false,"newBroken":false,"newPassed":false,"retriesCount":0,"retriesStatusChange":false,"beforeStages":[{"name":"driver","time":{"start":1770085672862,"stop":1770085681844,"duration":8982},"status":"passed","steps":[],"attachments":[],"parameters":[],"hasContent":false,"stepsCount":0,"attachmentsCount":0,"shouldDisplayMessage":false}],"testStage":{"description":"/Users/lily/PycharmProjects/pytest-bdd-project/amp/tests/features/05_auto_power_off.feature: Auto power off successfully","status":"broken","statusMessage":"selenium.common.exceptions.WebDriverException: Message: An unknown server-side error occurred while processing the command. Original error: Error executing adbExec. Original error: 'Command '/Users/lily/Library/android_sdk/platform-tools/adb -P 5037 -s 192.168.0.75\\:5556 shell cmd package resolve-activity --brief com.appsuite.imagetotext' timed out after 20000ms'. Try to increase the 20000ms adb execution timeout represented by 'adbExecTimeout' capability\nStacktrace:\nUnknownError: An unknown server-side error occurred while processing the command. Original error: Error executing adbExec. Original error: 'Command '/Users/lily/Library/android_sdk/platform-tools/adb -P 5037 -s 192.168.0.75\\:5556 shell cmd package resolve-activity --brief com.appsuite.imagetotext' timed out after 20000ms'. Try to increase the 20000ms adb execution timeout represented by 'adbExecTimeout' capability\n    at getResponseForW3CError (/usr/local/lib/node_modules/appium/node_modules/@appium/base-driver/lib/protocol/errors.js:1145:9)\n    at asyncHandler (/usr/local/lib/node_modules/appium/node_modules/@appium/base-driver/lib/protocol/protocol.js:491:57)","statusTrace":"fixturefunc = <function has_edited_apd at 0x112a14860>, request = <FixtureRequest for <Function test_auto_power_off_successfully[MICHI-20 Mins-1260]>>\nkwargs = {'driver': <appium.webdriver.webdriver.WebDriver (session=\"e2889764-9804-4270-9763-64ba50cb4057\")>, 'unit': 'MICHI', 'value': '20 Mins'}\n\n    def call_fixture_func(\n        fixturefunc: _FixtureFunc[FixtureValue], request: FixtureRequest, kwargs\n    ) -> FixtureValue:\n        if is_generator(fixturefunc):\n            fixturefunc = cast(\n                Callable[..., Generator[FixtureValue, None, None]], fixturefunc\n            )\n            generator = fixturefunc(**kwargs)\n            try:\n                fixture_result = next(generator)\n            except StopIteration:\n                raise ValueError(f\"{request.fixturename} did not yield a value\") from None\n            finalizer = functools.partial(_teardown_yield_fixture, fixturefunc, generator)\n            request.addfinalizer(finalizer)\n        else:\n            fixturefunc = cast(Callable[..., FixtureValue], fixturefunc)\n>           fixture_result = fixturefunc(**kwargs)\n\n../../../Documents/pytest-bdd-example-master/.venv/lib/python3.12/site-packages/_pytest/fixtures.py:898: \n_ _ _ _ _ _ _ _ _ _ _ _ _ _ _ _ _ _ _ _ _ _ _ _ _ _ _ _ _ _ _ _ _ _ _ _ _ _ _ _ _ _ _ _ _ _ _ _ _ _ _ _ _ _ _ _ _ _ _ _ _ _ _ _ _ _ _ _ _ _ _ _ _ _ _ _ _ _ _ _ _ _ _ _\ntests/steps/test_05_auto_power_off.py:29: in has_edited_apd\n    rs = p_system.change_auto_power_off(unit, value)\npages/system_page.py:9: in change_auto_power_off\n    return self.change_setting(model, layout, \"apd\", expected)\npages/robot.py:376: in change_setting\n    scanned_display = self.scan_menu()\npages/robot.py:221: in scan_menu\n    self.activate_scanner()\npages/robot.py:76: in activate_scanner\n    self.driver.activate_app(\"com.appsuite.imagetotext\")\n../../../Documents/pytest-bdd-example-master/.venv/lib/python3.12/site-packages/appium/webdriver/extensions/applications.py:187: in activate_app\n    self.assert_extension_exists(ext_name).execute_script(\n../../../Documents/pytest-bdd-example-master/.venv/lib/python3.12/site-packages/selenium/webdriver/remote/webdriver.py:528: in execute_script\n    return self.execute(command, {\"script\": script, \"args\": converted_args})[\"value\"]\n../../../Documents/pytest-bdd-example-master/.venv/lib/python3.12/site-packages/selenium/webdriver/remote/webdriver.py:429: in execute\n    self.error_handler.check_response(response)\n_ _ _ _ _ _ _ _ _ _ _ _ _ _ _ _ _ _ _ _ _ _ _ _ _ _ _ _ _ _ _ _ _ _ _ _ _ _ _ _ _ _ _ _ _ _ _ _ _ _ _ _ _ _ _ _ _ _ _ _ _ _ _ _ _ _ _ _ _ _ _ _ _ _ _ _ _ _ _ _ _ _ _ _\n\nself = <appium.webdriver.errorhandler.MobileErrorHandler object at 0x10f89b680>\nresponse = {'status': 500, 'value': '{\"value\":{\"error\":\"unknown error\",\"message\":\"An unknown server-side error occurred while pro...asyncHandler (/usr/local/lib/node_modules/appium/node_modules/@appium/base-driver/lib/protocol/protocol.js:491:57)\"}}'}\n\n    def check_response(self, response: Dict[str, Any]) -> None:\n        \"\"\"\n        https://www.w3.org/TR/webdriver/#errors\n        \"\"\"\n        payload = response.get('value', '')\n        if isinstance(payload, dict):\n            payload_dict = payload\n        else:\n            try:\n                payload_dict = json.loads(payload)\n            except (json.JSONDecodeError, TypeError):\n                return\n            if not isinstance(payload_dict, dict):\n                return\n        value = payload_dict.get('value')\n        if not isinstance(value, dict):\n            return\n        error = value.get('error')\n        if not error:\n            return\n    \n        message = value.get('message', error)\n        stacktrace = value.get('stacktrace', '')\n        # In theory, we should also be checking HTTP status codes.\n        # Java client, for example, prints a warning if the actual `error`\n        # value does not match to the response's HTTP status code.\n        exception_class: Type[sel_exceptions.WebDriverException] = ERROR_TO_EXC_MAPPING.get(\n            error, sel_exceptions.WebDriverException\n        )\n        if exception_class is sel_exceptions.WebDriverException and message:\n            if message == 'No such context found.':\n                exception_class = appium_exceptions.NoSuchContextException\n            elif message == 'That command could not be executed in the current context.':\n                exception_class = appium_exceptions.InvalidSwitchToTargetException\n    \n        if exception_class is sel_exceptions.UnexpectedAlertPresentException:\n            raise sel_exceptions.UnexpectedAlertPresentException(\n                msg=message,\n                stacktrace=format_stacktrace(stacktrace),\n                alert_text=value.get('data'),\n            )\n>       raise exception_class(msg=message, stacktrace=format_stacktrace(stacktrace))\nE       selenium.common.exceptions.WebDriverException: Message: An unknown server-side error occurred while processing the command. Original error: Error executing adbExec. Original error: 'Command '/Users/lily/Library/android_sdk/platform-tools/adb -P 5037 -s 192.168.0.75\\:5556 shell cmd package resolve-activity --brief com.appsuite.imagetotext' timed out after 20000ms'. Try to increase the 20000ms adb execution timeout represented by 'adbExecTimeout' capability\nE       Stacktrace:\nE       UnknownError: An unknown server-side error occurred while processing the command. Original error: Error executing adbExec. Original error: 'Command '/Users/lily/Library/android_sdk/platform-tools/adb -P 5037 -s 192.168.0.75\\:5556 shell cmd package resolve-activity --brief com.appsuite.imagetotext' timed out after 20000ms'. Try to increase the 20000ms adb execution timeout represented by 'adbExecTimeout' capability\nE           at getResponseForW3CError (/usr/local/lib/node_modules/appium/node_modules/@appium/base-driver/lib/protocol/errors.js:1145:9)\nE           at asyncHandler (/usr/local/lib/node_modules/appium/node_modules/@appium/base-driver/lib/protocol/protocol.js:491:57)\n\n../../../Documents/pytest-bdd-example-master/.venv/lib/python3.12/site-packages/appium/webdriver/errorhandler.py:125: WebDriverException","steps":[],"attachments":[{"uid":"97d670ab353805fc","name":"stdout","source":"97d670ab353805fc.txt","type":"text/plain","size":82}],"parameters":[],"hasContent":true,"stepsCount":0,"attachmentsCount":1,"shouldDisplayMessage":true},"afterStages":[{"name":"driver::0","time":{"start":1770085715976,"stop":1770085722672,"duration":6696},"status":"passed","steps":[],"attachments":[],"parameters":[],"hasContent":false,"stepsCount":0,"attachmentsCount":0,"shouldDisplayMessage":false}],"labels":[{"name":"parentSuite","value":"tests.steps"},{"name":"suite","value":"test_05_auto_power_off"},{"name":"host","value":"macdeMacBook-Pro.local"},{"name":"thread","value":"74645-MainThread"},{"name":"framework","value":"pytest"},{"name":"language","value":"cpython3"},{"name":"package","value":"tests.steps.test_05_auto_power_off"},{"name":"resultFormat","value":"allure2"}],"parameters":[{"name":"_pytest_bdd_example","value":"{'unit': 'MICHI', 'value': '20 Mins', 'designated_time': '1260'}"}],"links":[],"hidden":true,"retry":true,"extra":{"categories":[],"tags":[]},"source":"9a1de6e7c8ca3e49.json","parameterValues":["{'unit': 'MICHI', 'value': '20 Mins', 'designated_time': '1260'}"]}