{"uid":"b303e8ea07308011","name":"test_user_set_temporary_display_brightness","fullName":"tests.steps.test_03_adjust_display_brightness#test_user_set_temporary_display_brightness","historyId":"0d932db588da30fa84b3eefe0a765f67","time":{"start":1770081343221,"stop":1770081356314,"duration":13093},"description":"/Users/lily/PycharmProjects/pytest-bdd-project/amp/tests/features/03_adjust_display_brightness.feature: user_set_temporary_display_brightness","descriptionHtml":"<p>/Users/lily/PycharmProjects/pytest-bdd-project/amp/tests/features/03_adjust_display_brightness.feature: user_set_temporary_display_brightness</p>\n","status":"failed","statusMessage":"AssertionError: assert 'dimmer=0$' != 'dimmer=0$'","statusTrace":"fixturefunc = <function press_dim_button at 0x109d2d940>, request = <FixtureRequest for <Function test_user_set_temporary_display_brightness>>\nkwargs = {'driver': <appium.webdriver.webdriver.WebDriver (session=\"f6e20e5a-3cb9-4e3b-80fa-0de7f8c53305\")>}\n\n    def call_fixture_func(\n        fixturefunc: _FixtureFunc[FixtureValue], request: FixtureRequest, kwargs\n    ) -> FixtureValue:\n        if is_generator(fixturefunc):\n            fixturefunc = cast(\n                Callable[..., Generator[FixtureValue, None, None]], fixturefunc\n            )\n            generator = fixturefunc(**kwargs)\n            try:\n                fixture_result = next(generator)\n            except StopIteration:\n                raise ValueError(f\"{request.fixturename} did not yield a value\") from None\n            finalizer = functools.partial(_teardown_yield_fixture, fixturefunc, generator)\n            request.addfinalizer(finalizer)\n        else:\n            fixturefunc = cast(Callable[..., FixtureValue], fixturefunc)\n>           fixture_result = fixturefunc(**kwargs)\n\n../../../Documents/pytest-bdd-example-master/.venv/lib/python3.12/site-packages/_pytest/fixtures.py:898: \n_ _ _ _ _ _ _ _ _ _ _ _ _ _ _ _ _ _ _ _ _ _ _ _ _ _ _ _ _ _ _ _ _ _ _ _ _ _ _ _ _ _ _ _ _ _ _ _ _ _ _ _ _ _ _ _ _ _ _ _ _ _ _ _ _ _ _ _ _ _ _ _ _ _ _ _ _ _ _ _ _ _ _ _\n\ndriver = <appium.webdriver.webdriver.WebDriver (session=\"f6e20e5a-3cb9-4e3b-80fa-0de7f8c53305\")>\n\n    @when(\"the user presses the Dim remote button\")\n    def press_dim_button(driver):\n        p_home = HomePage(driver)\n    \n        before = serial_send(PORT, \"dimmer?\")\n        p_home.change_display_brightness_temporarily()\n        serial_send(PORT, \"dimmer?\")\n        after = serial_send(PORT, \"dimmer?\")\n    \n        allure.attach(f\"结果：\\n {before}\\n {after}\")\n>       assert before != after\nE       AssertionError: assert 'dimmer=0$' != 'dimmer=0$'\n\ntests/steps/test_03_adjust_display_brightness.py:101: AssertionError","flaky":false,"newFailed":false,"newBroken":false,"newPassed":false,"retriesCount":0,"retriesStatusChange":false,"beforeStages":[{"name":"_pytest_bdd_example","time":{"start":1770081343220,"stop":1770081343220,"duration":0},"status":"passed","steps":[],"attachments":[],"parameters":[],"hasContent":false,"stepsCount":0,"attachmentsCount":0,"shouldDisplayMessage":false},{"name":"driver","time":{"start":1770081343222,"stop":1770081348313,"duration":5091},"status":"passed","steps":[],"attachments":[],"parameters":[],"hasContent":false,"stepsCount":0,"attachmentsCount":0,"shouldDisplayMessage":false}],"testStage":{"description":"/Users/lily/PycharmProjects/pytest-bdd-project/amp/tests/features/03_adjust_display_brightness.feature: user_set_temporary_display_brightness","status":"failed","statusMessage":"AssertionError: assert 'dimmer=0$' != 'dimmer=0$'","statusTrace":"fixturefunc = <function press_dim_button at 0x109d2d940>, request = <FixtureRequest for <Function test_user_set_temporary_display_brightness>>\nkwargs = {'driver': <appium.webdriver.webdriver.WebDriver (session=\"f6e20e5a-3cb9-4e3b-80fa-0de7f8c53305\")>}\n\n    def call_fixture_func(\n        fixturefunc: _FixtureFunc[FixtureValue], request: FixtureRequest, kwargs\n    ) -> FixtureValue:\n        if is_generator(fixturefunc):\n            fixturefunc = cast(\n                Callable[..., Generator[FixtureValue, None, None]], fixturefunc\n            )\n            generator = fixturefunc(**kwargs)\n            try:\n                fixture_result = next(generator)\n            except StopIteration:\n                raise ValueError(f\"{request.fixturename} did not yield a value\") from None\n            finalizer = functools.partial(_teardown_yield_fixture, fixturefunc, generator)\n            request.addfinalizer(finalizer)\n        else:\n            fixturefunc = cast(Callable[..., FixtureValue], fixturefunc)\n>           fixture_result = fixturefunc(**kwargs)\n\n../../../Documents/pytest-bdd-example-master/.venv/lib/python3.12/site-packages/_pytest/fixtures.py:898: \n_ _ _ _ _ _ _ _ _ _ _ _ _ _ _ _ _ _ _ _ _ _ _ _ _ _ _ _ _ _ _ _ _ _ _ _ _ _ _ _ _ _ _ _ _ _ _ _ _ _ _ _ _ _ _ _ _ _ _ _ _ _ _ _ _ _ _ _ _ _ _ _ _ _ _ _ _ _ _ _ _ _ _ _\n\ndriver = <appium.webdriver.webdriver.WebDriver (session=\"f6e20e5a-3cb9-4e3b-80fa-0de7f8c53305\")>\n\n    @when(\"the user presses the Dim remote button\")\n    def press_dim_button(driver):\n        p_home = HomePage(driver)\n    \n        before = serial_send(PORT, \"dimmer?\")\n        p_home.change_display_brightness_temporarily()\n        serial_send(PORT, \"dimmer?\")\n        after = serial_send(PORT, \"dimmer?\")\n    \n        allure.attach(f\"结果：\\n {before}\\n {after}\")\n>       assert before != after\nE       AssertionError: assert 'dimmer=0$' != 'dimmer=0$'\n\ntests/steps/test_03_adjust_display_brightness.py:101: AssertionError","steps":[],"attachments":[{"uid":"b838b5d432e655a4","name":"38621b59-60da-41a0-bcae-64e839a7e36c-attachment.attach","source":"b838b5d432e655a4.attach","type":"text/plain","size":31},{"uid":"8a36533ef04471c4","name":"stdout","source":"8a36533ef04471c4.txt","type":"text/plain","size":183}],"parameters":[],"hasContent":true,"stepsCount":0,"attachmentsCount":2,"shouldDisplayMessage":true},"afterStages":[{"name":"driver::0","time":{"start":1770081356477,"stop":1770081356818,"duration":341},"status":"passed","steps":[],"attachments":[],"parameters":[],"hasContent":false,"stepsCount":0,"attachmentsCount":0,"shouldDisplayMessage":false}],"labels":[{"name":"parentSuite","value":"tests.steps"},{"name":"suite","value":"test_03_adjust_display_brightness"},{"name":"host","value":"macdeMacBook-Pro.local"},{"name":"thread","value":"72866-MainThread"},{"name":"framework","value":"pytest"},{"name":"language","value":"cpython3"},{"name":"package","value":"tests.steps.test_03_adjust_display_brightness"},{"name":"resultFormat","value":"allure2"}],"parameters":[],"links":[],"hidden":true,"retry":true,"extra":{"categories":[],"tags":[]},"source":"b303e8ea07308011.json","parameterValues":[]}