{"uid":"1452ff54671cd5ca","name":"test_user_change_playback_mode[random-25]","fullName":"tests.steps.test_00_listen_to_a_CD#test_user_change_playback_mode","historyId":"f70638b5eb448777d00d74dc897555bd","time":{"start":1768806029841,"stop":1768806073170,"duration":43329},"description":"/Users/lily/PycharmProjects/pytest-bdd-project/amp/tests/features/00_listen_to_a_CD.feature: user_change_playback_mode","descriptionHtml":"<p>/Users/lily/PycharmProjects/pytest-bdd-project/amp/tests/features/00_listen_to_a_CD.feature: user_change_playback_mode</p>\n","status":"broken","statusMessage":"selenium.common.exceptions.InvalidSelectorException: Message: Locator Strategy '675,1938' is not supported for this session; For documentation on this error, please visit: https://www.selenium.dev/documentation/webdriver/troubleshooting/errors#invalid-selector-exception\nStacktrace:\nInvalidSelectorError: Locator Strategy '675,1938' is not supported for this session\n    at AndroidUiautomator2Driver.validateLocatorStrategy (/Users/lily/node_modules/@appium/base-driver/lib/basedriver/core.ts:318:13)\n    at AndroidUiautomator2Driver.findElOrElsWithProcessing (/Users/lily/node_modules/@appium/base-driver/lib/basedriver/commands/find.ts:57:8)\n    at AndroidUiautomator2Driver.findElement (/Users/lily/node_modules/@appium/base-driver/lib/basedriver/commands/find.ts:75:23)\n    at commandExecutor (/Users/lily/node_modules/@appium/base-driver/lib/basedriver/driver.ts:106:18)\n    at /Users/lily/node_modules/async-lock/lib/index.js:171:12\n    at AsyncLock._promiseTry (/Users/lily/node_modules/async-lock/lib/index.js:306:31)\n    at exec (/Users/lily/node_modules/async-lock/lib/index.js:170:9)\n    at AsyncLock.acquire (/Users/lily/node_modules/async-lock/lib/index.js:189:3)\n    at AndroidUiautomator2Driver.executeCommand (/Users/lily/node_modules/@appium/base-driver/lib/basedriver/driver.ts:122:39)\n    at processTicksAndRejections (node:internal/process/task_queues:95:5)\n    at defaultBehavior (/usr/local/lib/node_modules/appium/lib/appium.js:1109:14)\n    at AppiumDriver.executeWrappedCommand (/usr/local/lib/node_modules/appium/lib/appium.js:1215:16)\n    at AppiumDriver.executeCommand (/usr/local/lib/node_modules/appium/lib/appium.js:1121:17)\n    at asyncHandler (/usr/local/lib/node_modules/appium/node_modules/@appium/base-driver/lib/protocol/protocol.js:393:19)","statusTrace":"fixturefunc = <function play_all_track at 0x113592980>, request = <FixtureRequest for <Function test_user_change_playback_mode[random-25]>>\nkwargs = {'driver': <appium.webdriver.webdriver.WebDriver (session=\"566d0b78-3981-479d-af77-2c96f8b73339\")>, 'tracks': '25'}\n\n    def call_fixture_func(\n        fixturefunc: _FixtureFunc[FixtureValue], request: FixtureRequest, kwargs\n    ) -> FixtureValue:\n        if is_generator(fixturefunc):\n            fixturefunc = cast(\n                Callable[..., Generator[FixtureValue, None, None]], fixturefunc\n            )\n            generator = fixturefunc(**kwargs)\n            try:\n                fixture_result = next(generator)\n            except StopIteration:\n                raise ValueError(f\"{request.fixturename} did not yield a value\") from None\n            finalizer = functools.partial(_teardown_yield_fixture, fixturefunc, generator)\n            request.addfinalizer(finalizer)\n        else:\n            fixturefunc = cast(Callable[..., FixtureValue], fixturefunc)\n>           fixture_result = fixturefunc(**kwargs)\n\n../../../Documents/pytest-bdd-example-master/.venv/lib/python3.12/site-packages/_pytest/fixtures.py:898: \n_ _ _ _ _ _ _ _ _ _ _ _ _ _ _ _ _ _ _ _ _ _ _ _ _ _ _ _ _ _ _ _ _ _ _ _ _ _ _ _ _ _ _ _ _ _ _ _ _ _ _ _ _ _ _ _ _ _ _ _ _ _ _ _ _ _ _ _ _ _ _ _ _ _ _ _ _ _ _ _ _ _ _ _\ntests/steps/test_00_listen_to_a_CD.py:131: in play_all_track\n    rs = p_home.respond_to_track_switching_command(\"remote, next\", tracks, CD_PLAY_TITLE_ROW)\npages/home_page.py:93: in respond_to_track_switching_command\n    return self.switch_to_target_tracks(app, cmd, track, track_row)\npages/robot.py:911: in switch_to_target_tracks\n    self.tap(key)\npages/robot.py:280: in tap\n    el = self.find(loc)\npages/robot.py:96: in find\n    WebDriverWait(self.driver, 10).until(EC.visibility_of_element_located(loc))\n../../../Documents/pytest-bdd-example-master/.venv/lib/python3.12/site-packages/selenium/webdriver/support/wait.py:137: in until\n    value = method(self._driver)\n../../../Documents/pytest-bdd-example-master/.venv/lib/python3.12/site-packages/selenium/webdriver/support/expected_conditions.py:224: in _predicate\n    return _element_if_visible(driver.find_element(*locator))\n../../../Documents/pytest-bdd-example-master/.venv/lib/python3.12/site-packages/selenium/webdriver/remote/webdriver.py:898: in find_element\n    return self.execute(Command.FIND_ELEMENT, {\"using\": by, \"value\": value})[\"value\"]\n../../../Documents/pytest-bdd-example-master/.venv/lib/python3.12/site-packages/selenium/webdriver/remote/webdriver.py:429: in execute\n    self.error_handler.check_response(response)\n_ _ _ _ _ _ _ _ _ _ _ _ _ _ _ _ _ _ _ _ _ _ _ _ _ _ _ _ _ _ _ _ _ _ _ _ _ _ _ _ _ _ _ _ _ _ _ _ _ _ _ _ _ _ _ _ _ _ _ _ _ _ _ _ _ _ _ _ _ _ _ _ _ _ _ _ _ _ _ _ _ _ _ _\n\nself = <appium.webdriver.errorhandler.MobileErrorHandler object at 0x1130294f0>\nresponse = {'status': 400, 'value': '{\"value\":{\"error\":\"invalid selector\",\"message\":\"Locator Strategy \\'675,1938\\' is not support...asyncHandler (/usr/local/lib/node_modules/appium/node_modules/@appium/base-driver/lib/protocol/protocol.js:393:19)\"}}'}\n\n    def check_response(self, response: Dict[str, Any]) -> None:\n        \"\"\"\n        https://www.w3.org/TR/webdriver/#errors\n        \"\"\"\n        payload = response.get('value', '')\n        if isinstance(payload, dict):\n            payload_dict = payload\n        else:\n            try:\n                payload_dict = json.loads(payload)\n            except (json.JSONDecodeError, TypeError):\n                return\n            if not isinstance(payload_dict, dict):\n                return\n        value = payload_dict.get('value')\n        if not isinstance(value, dict):\n            return\n        error = value.get('error')\n        if not error:\n            return\n    \n        message = value.get('message', error)\n        stacktrace = value.get('stacktrace', '')\n        # In theory, we should also be checking HTTP status codes.\n        # Java client, for example, prints a warning if the actual `error`\n        # value does not match to the response's HTTP status code.\n        exception_class: Type[sel_exceptions.WebDriverException] = ERROR_TO_EXC_MAPPING.get(\n            error, sel_exceptions.WebDriverException\n        )\n        if exception_class is sel_exceptions.WebDriverException and message:\n            if message == 'No such context found.':\n                exception_class = appium_exceptions.NoSuchContextException\n            elif message == 'That command could not be executed in the current context.':\n                exception_class = appium_exceptions.InvalidSwitchToTargetException\n    \n        if exception_class is sel_exceptions.UnexpectedAlertPresentException:\n            raise sel_exceptions.UnexpectedAlertPresentException(\n                msg=message,\n                stacktrace=format_stacktrace(stacktrace),\n                alert_text=value.get('data'),\n            )\n>       raise exception_class(msg=message, stacktrace=format_stacktrace(stacktrace))\nE       selenium.common.exceptions.InvalidSelectorException: Message: Locator Strategy '675,1938' is not supported for this session; For documentation on this error, please visit: https://www.selenium.dev/documentation/webdriver/troubleshooting/errors#invalid-selector-exception\nE       Stacktrace:\nE       InvalidSelectorError: Locator Strategy '675,1938' is not supported for this session\nE           at AndroidUiautomator2Driver.validateLocatorStrategy (/Users/lily/node_modules/@appium/base-driver/lib/basedriver/core.ts:318:13)\nE           at AndroidUiautomator2Driver.findElOrElsWithProcessing (/Users/lily/node_modules/@appium/base-driver/lib/basedriver/commands/find.ts:57:8)\nE           at AndroidUiautomator2Driver.findElement (/Users/lily/node_modules/@appium/base-driver/lib/basedriver/commands/find.ts:75:23)\nE           at commandExecutor (/Users/lily/node_modules/@appium/base-driver/lib/basedriver/driver.ts:106:18)\nE           at /Users/lily/node_modules/async-lock/lib/index.js:171:12\nE           at AsyncLock._promiseTry (/Users/lily/node_modules/async-lock/lib/index.js:306:31)\nE           at exec (/Users/lily/node_modules/async-lock/lib/index.js:170:9)\nE           at AsyncLock.acquire (/Users/lily/node_modules/async-lock/lib/index.js:189:3)\nE           at AndroidUiautomator2Driver.executeCommand (/Users/lily/node_modules/@appium/base-driver/lib/basedriver/driver.ts:122:39)\nE           at processTicksAndRejections (node:internal/process/task_queues:95:5)\nE           at defaultBehavior (/usr/local/lib/node_modules/appium/lib/appium.js:1109:14)\nE           at AppiumDriver.executeWrappedCommand (/usr/local/lib/node_modules/appium/lib/appium.js:1215:16)\nE           at AppiumDriver.executeCommand (/usr/local/lib/node_modules/appium/lib/appium.js:1121:17)\nE           at asyncHandler (/usr/local/lib/node_modules/appium/node_modules/@appium/base-driver/lib/protocol/protocol.js:393:19)\n\n../../../Documents/pytest-bdd-example-master/.venv/lib/python3.12/site-packages/appium/webdriver/errorhandler.py:125: InvalidSelectorException","flaky":false,"newFailed":false,"newBroken":false,"newPassed":false,"retriesCount":0,"retriesStatusChange":false,"beforeStages":[{"name":"driver","time":{"start":1768806029842,"stop":1768806034698,"duration":4856},"status":"passed","steps":[],"attachments":[],"parameters":[],"stepsCount":0,"attachmentsCount":0,"shouldDisplayMessage":false,"hasContent":false}],"testStage":{"description":"/Users/lily/PycharmProjects/pytest-bdd-project/amp/tests/features/00_listen_to_a_CD.feature: user_change_playback_mode","status":"broken","statusMessage":"selenium.common.exceptions.InvalidSelectorException: Message: Locator Strategy '675,1938' is not supported for this session; For documentation on this error, please visit: https://www.selenium.dev/documentation/webdriver/troubleshooting/errors#invalid-selector-exception\nStacktrace:\nInvalidSelectorError: Locator Strategy '675,1938' is not supported for this session\n    at AndroidUiautomator2Driver.validateLocatorStrategy (/Users/lily/node_modules/@appium/base-driver/lib/basedriver/core.ts:318:13)\n    at AndroidUiautomator2Driver.findElOrElsWithProcessing (/Users/lily/node_modules/@appium/base-driver/lib/basedriver/commands/find.ts:57:8)\n    at AndroidUiautomator2Driver.findElement (/Users/lily/node_modules/@appium/base-driver/lib/basedriver/commands/find.ts:75:23)\n    at commandExecutor (/Users/lily/node_modules/@appium/base-driver/lib/basedriver/driver.ts:106:18)\n    at /Users/lily/node_modules/async-lock/lib/index.js:171:12\n    at AsyncLock._promiseTry (/Users/lily/node_modules/async-lock/lib/index.js:306:31)\n    at exec (/Users/lily/node_modules/async-lock/lib/index.js:170:9)\n    at AsyncLock.acquire (/Users/lily/node_modules/async-lock/lib/index.js:189:3)\n    at AndroidUiautomator2Driver.executeCommand (/Users/lily/node_modules/@appium/base-driver/lib/basedriver/driver.ts:122:39)\n    at processTicksAndRejections (node:internal/process/task_queues:95:5)\n    at defaultBehavior (/usr/local/lib/node_modules/appium/lib/appium.js:1109:14)\n    at AppiumDriver.executeWrappedCommand (/usr/local/lib/node_modules/appium/lib/appium.js:1215:16)\n    at AppiumDriver.executeCommand (/usr/local/lib/node_modules/appium/lib/appium.js:1121:17)\n    at asyncHandler (/usr/local/lib/node_modules/appium/node_modules/@appium/base-driver/lib/protocol/protocol.js:393:19)","statusTrace":"fixturefunc = <function play_all_track at 0x113592980>, request = <FixtureRequest for <Function test_user_change_playback_mode[random-25]>>\nkwargs = {'driver': <appium.webdriver.webdriver.WebDriver (session=\"566d0b78-3981-479d-af77-2c96f8b73339\")>, 'tracks': '25'}\n\n    def call_fixture_func(\n        fixturefunc: _FixtureFunc[FixtureValue], request: FixtureRequest, kwargs\n    ) -> FixtureValue:\n        if is_generator(fixturefunc):\n            fixturefunc = cast(\n                Callable[..., Generator[FixtureValue, None, None]], fixturefunc\n            )\n            generator = fixturefunc(**kwargs)\n            try:\n                fixture_result = next(generator)\n            except StopIteration:\n                raise ValueError(f\"{request.fixturename} did not yield a value\") from None\n            finalizer = functools.partial(_teardown_yield_fixture, fixturefunc, generator)\n            request.addfinalizer(finalizer)\n        else:\n            fixturefunc = cast(Callable[..., FixtureValue], fixturefunc)\n>           fixture_result = fixturefunc(**kwargs)\n\n../../../Documents/pytest-bdd-example-master/.venv/lib/python3.12/site-packages/_pytest/fixtures.py:898: \n_ _ _ _ _ _ _ _ _ _ _ _ _ _ _ _ _ _ _ _ _ _ _ _ _ _ _ _ _ _ _ _ _ _ _ _ _ _ _ _ _ _ _ _ _ _ _ _ _ _ _ _ _ _ _ _ _ _ _ _ _ _ _ _ _ _ _ _ _ _ _ _ _ _ _ _ _ _ _ _ _ _ _ _\ntests/steps/test_00_listen_to_a_CD.py:131: in play_all_track\n    rs = p_home.respond_to_track_switching_command(\"remote, next\", tracks, CD_PLAY_TITLE_ROW)\npages/home_page.py:93: in respond_to_track_switching_command\n    return self.switch_to_target_tracks(app, cmd, track, track_row)\npages/robot.py:911: in switch_to_target_tracks\n    self.tap(key)\npages/robot.py:280: in tap\n    el = self.find(loc)\npages/robot.py:96: in find\n    WebDriverWait(self.driver, 10).until(EC.visibility_of_element_located(loc))\n../../../Documents/pytest-bdd-example-master/.venv/lib/python3.12/site-packages/selenium/webdriver/support/wait.py:137: in until\n    value = method(self._driver)\n../../../Documents/pytest-bdd-example-master/.venv/lib/python3.12/site-packages/selenium/webdriver/support/expected_conditions.py:224: in _predicate\n    return _element_if_visible(driver.find_element(*locator))\n../../../Documents/pytest-bdd-example-master/.venv/lib/python3.12/site-packages/selenium/webdriver/remote/webdriver.py:898: in find_element\n    return self.execute(Command.FIND_ELEMENT, {\"using\": by, \"value\": value})[\"value\"]\n../../../Documents/pytest-bdd-example-master/.venv/lib/python3.12/site-packages/selenium/webdriver/remote/webdriver.py:429: in execute\n    self.error_handler.check_response(response)\n_ _ _ _ _ _ _ _ _ _ _ _ _ _ _ _ _ _ _ _ _ _ _ _ _ _ _ _ _ _ _ _ _ _ _ _ _ _ _ _ _ _ _ _ _ _ _ _ _ _ _ _ _ _ _ _ _ _ _ _ _ _ _ _ _ _ _ _ _ _ _ _ _ _ _ _ _ _ _ _ _ _ _ _\n\nself = <appium.webdriver.errorhandler.MobileErrorHandler object at 0x1130294f0>\nresponse = {'status': 400, 'value': '{\"value\":{\"error\":\"invalid selector\",\"message\":\"Locator Strategy \\'675,1938\\' is not support...asyncHandler (/usr/local/lib/node_modules/appium/node_modules/@appium/base-driver/lib/protocol/protocol.js:393:19)\"}}'}\n\n    def check_response(self, response: Dict[str, Any]) -> None:\n        \"\"\"\n        https://www.w3.org/TR/webdriver/#errors\n        \"\"\"\n        payload = response.get('value', '')\n        if isinstance(payload, dict):\n            payload_dict = payload\n        else:\n            try:\n                payload_dict = json.loads(payload)\n            except (json.JSONDecodeError, TypeError):\n                return\n            if not isinstance(payload_dict, dict):\n                return\n        value = payload_dict.get('value')\n        if not isinstance(value, dict):\n            return\n        error = value.get('error')\n        if not error:\n            return\n    \n        message = value.get('message', error)\n        stacktrace = value.get('stacktrace', '')\n        # In theory, we should also be checking HTTP status codes.\n        # Java client, for example, prints a warning if the actual `error`\n        # value does not match to the response's HTTP status code.\n        exception_class: Type[sel_exceptions.WebDriverException] = ERROR_TO_EXC_MAPPING.get(\n            error, sel_exceptions.WebDriverException\n        )\n        if exception_class is sel_exceptions.WebDriverException and message:\n            if message == 'No such context found.':\n                exception_class = appium_exceptions.NoSuchContextException\n            elif message == 'That command could not be executed in the current context.':\n                exception_class = appium_exceptions.InvalidSwitchToTargetException\n    \n        if exception_class is sel_exceptions.UnexpectedAlertPresentException:\n            raise sel_exceptions.UnexpectedAlertPresentException(\n                msg=message,\n                stacktrace=format_stacktrace(stacktrace),\n                alert_text=value.get('data'),\n            )\n>       raise exception_class(msg=message, stacktrace=format_stacktrace(stacktrace))\nE       selenium.common.exceptions.InvalidSelectorException: Message: Locator Strategy '675,1938' is not supported for this session; For documentation on this error, please visit: https://www.selenium.dev/documentation/webdriver/troubleshooting/errors#invalid-selector-exception\nE       Stacktrace:\nE       InvalidSelectorError: Locator Strategy '675,1938' is not supported for this session\nE           at AndroidUiautomator2Driver.validateLocatorStrategy (/Users/lily/node_modules/@appium/base-driver/lib/basedriver/core.ts:318:13)\nE           at AndroidUiautomator2Driver.findElOrElsWithProcessing (/Users/lily/node_modules/@appium/base-driver/lib/basedriver/commands/find.ts:57:8)\nE           at AndroidUiautomator2Driver.findElement (/Users/lily/node_modules/@appium/base-driver/lib/basedriver/commands/find.ts:75:23)\nE           at commandExecutor (/Users/lily/node_modules/@appium/base-driver/lib/basedriver/driver.ts:106:18)\nE           at /Users/lily/node_modules/async-lock/lib/index.js:171:12\nE           at AsyncLock._promiseTry (/Users/lily/node_modules/async-lock/lib/index.js:306:31)\nE           at exec (/Users/lily/node_modules/async-lock/lib/index.js:170:9)\nE           at AsyncLock.acquire (/Users/lily/node_modules/async-lock/lib/index.js:189:3)\nE           at AndroidUiautomator2Driver.executeCommand (/Users/lily/node_modules/@appium/base-driver/lib/basedriver/driver.ts:122:39)\nE           at processTicksAndRejections (node:internal/process/task_queues:95:5)\nE           at defaultBehavior (/usr/local/lib/node_modules/appium/lib/appium.js:1109:14)\nE           at AppiumDriver.executeWrappedCommand (/usr/local/lib/node_modules/appium/lib/appium.js:1215:16)\nE           at AppiumDriver.executeCommand (/usr/local/lib/node_modules/appium/lib/appium.js:1121:17)\nE           at asyncHandler (/usr/local/lib/node_modules/appium/node_modules/@appium/base-driver/lib/protocol/protocol.js:393:19)\n\n../../../Documents/pytest-bdd-example-master/.venv/lib/python3.12/site-packages/appium/webdriver/errorhandler.py:125: InvalidSelectorException","steps":[],"attachments":[{"uid":"1f7b8deba360be2","name":"stdout","source":"1f7b8deba360be2.txt","type":"text/plain","size":15}],"parameters":[],"stepsCount":0,"attachmentsCount":1,"shouldDisplayMessage":true,"hasContent":true},"afterStages":[{"name":"driver::0","time":{"start":1768806073357,"stop":1768806073666,"duration":309},"status":"passed","steps":[],"attachments":[],"parameters":[],"stepsCount":0,"attachmentsCount":0,"shouldDisplayMessage":false,"hasContent":false}],"labels":[{"name":"parentSuite","value":"tests.steps"},{"name":"suite","value":"test_00_listen_to_a_CD"},{"name":"host","value":"macdeMacBook-Pro.local"},{"name":"thread","value":"23180-MainThread"},{"name":"framework","value":"pytest"},{"name":"language","value":"cpython3"},{"name":"package","value":"tests.steps.test_00_listen_to_a_CD"},{"name":"resultFormat","value":"allure2"}],"parameters":[{"name":"_pytest_bdd_example","value":"{'mode': 'random', 'tracks': '25'}"}],"links":[],"hidden":true,"retry":true,"extra":{"categories":[],"tags":[]},"source":"1452ff54671cd5ca.json","parameterValues":["{'mode': 'random', 'tracks': '25'}"]}