{"name": "test_user_perform_internet_update_successfully", "status": "broken", "statusDetails": {"message": "selenium.common.exceptions.WebDriverException: Message: An unknown server-side error occurred while processing the command. Original error: Could not proxy command to the remote server. Original error: socket hang up\nStacktrace:\nUnknownError: An unknown server-side error occurred while processing the command. Original error: Could not proxy command to the remote server. Original error: socket hang up\n    at UIA2Proxy.command (/Users/lily/node_modules/@appium/base-driver/lib/jsonwp-proxy/proxy.js:355:13)\n    at processTicksAndRejections (node:internal/process/task_queues:95:5)\n    at AndroidUiautomator2Driver.doFindElementOrEls (/Users/lily/.appium/node_modules/appium-uiautomator2-driver/lib/commands/find.js:40:5)\n    at doFind (/Users/lily/.appium/node_modules/appium-uiautomator2-driver/node_modules/appium-android-driver/lib/commands/find.ts:47:17)\n    at wrappedCondFn (/Users/lily/node_modules/@appium/base-driver/lib/basedriver/commands/timeout.ts:137:14)\n    at spin (/Users/lily/node_modules/asyncbox/lib/asyncbox.js:219:20)\n    at waitForCondition (/Users/lily/node_modules/asyncbox/lib/asyncbox.js:236:10)\n    at AndroidUiautomator2Driver.implicitWaitForCondition (/Users/lily/node_modules/@appium/base-driver/lib/basedriver/commands/timeout.ts:139:12)\n    at AndroidUiautomator2Driver.findElOrEls (/Users/lily/.appium/node_modules/appium-uiautomator2-driver/node_modules/appium-android-driver/lib/commands/find.ts:70:5)\n    at AndroidUiautomator2Driver.findElOrElsWithProcessing (/Users/lily/node_modules/@appium/base-driver/lib/basedriver/commands/find.ts:60:12)\n    at AndroidUiautomator2Driver.findElement (/Users/lily/node_modules/@appium/base-driver/lib/basedriver/commands/find.ts:75:12)", "trace": "fixturefunc = <function should_see_downloading at 0x113d08fe0>, request = <FixtureRequest for <Function test_user_perform_internet_update_successfully>>\nkwargs = {'driver': <appium.webdriver.webdriver.WebDriver (session=\"4f5d084d-d336-4dfe-9049-34c1abd19e70\")>}\n\n    def call_fixture_func(\n        fixturefunc: _FixtureFunc[FixtureValue], request: FixtureRequest, kwargs\n    ) -> FixtureValue:\n        if is_generator(fixturefunc):\n            fixturefunc = cast(\n                Callable[..., Generator[FixtureValue, None, None]], fixturefunc\n            )\n            generator = fixturefunc(**kwargs)\n            try:\n                fixture_result = next(generator)\n            except StopIteration:\n                raise ValueError(f\"{request.fixturename} did not yield a value\") from None\n            finalizer = functools.partial(_teardown_yield_fixture, fixturefunc, generator)\n            request.addfinalizer(finalizer)\n        else:\n            fixturefunc = cast(Callable[..., FixtureValue], fixturefunc)\n>           fixture_result = fixturefunc(**kwargs)\n\n../../../Documents/pytest-bdd-example-master/.venv/lib/python3.12/site-packages/_pytest/fixtures.py:898: \n_ _ _ _ _ _ _ _ _ _ _ _ _ _ _ _ _ _ _ _ _ _ _ _ _ _ _ _ _ _ _ _ _ _ _ _ _ _ _ _ _ _ _ _ _ _ _ _ _ _ _ _ _ _ _ _ _ _ _ _ _ _ _ _ _ _ _ _ _ _ _ _ _ _ _ _ _ _ _ _ _ _ _ _\ntests/steps/test_05_system_update.py:71: in should_see_downloading\n    rs = p_internet_update.download_software()\npages/internet_update_page.py:34: in download_software\n    tmp = self.scan_menu()\npages/robot.py:177: in scan_menu\n    self.tap(scanner_loc[\"camera\"])\npages/robot.py:234: in tap\n    el = self.find(loc)\npages/robot.py:94: in find\n    WebDriverWait(self.driver, 10).until(EC.visibility_of_element_located(loc))\n../../../Documents/pytest-bdd-example-master/.venv/lib/python3.12/site-packages/selenium/webdriver/support/wait.py:137: in until\n    value = method(self._driver)\n../../../Documents/pytest-bdd-example-master/.venv/lib/python3.12/site-packages/selenium/webdriver/support/expected_conditions.py:224: in _predicate\n    return _element_if_visible(driver.find_element(*locator))\n../../../Documents/pytest-bdd-example-master/.venv/lib/python3.12/site-packages/selenium/webdriver/remote/webdriver.py:898: in find_element\n    return self.execute(Command.FIND_ELEMENT, {\"using\": by, \"value\": value})[\"value\"]\n../../../Documents/pytest-bdd-example-master/.venv/lib/python3.12/site-packages/selenium/webdriver/remote/webdriver.py:429: in execute\n    self.error_handler.check_response(response)\n_ _ _ _ _ _ _ _ _ _ _ _ _ _ _ _ _ _ _ _ _ _ _ _ _ _ _ _ _ _ _ _ _ _ _ _ _ _ _ _ _ _ _ _ _ _ _ _ _ _ _ _ _ _ _ _ _ _ _ _ _ _ _ _ _ _ _ _ _ _ _ _ _ _ _ _ _ _ _ _ _ _ _ _\n\nself = <appium.webdriver.errorhandler.MobileErrorHandler object at 0x1124cb7a0>\nresponse = {'status': 500, 'value': '{\"value\":{\"error\":\"unknown error\",\"message\":\"An unknown server-side error occurred while pro...iautomator2Driver.findElement (/Users/lily/node_modules/@appium/base-driver/lib/basedriver/commands/find.ts:75:12)\"}}'}\n\n    def check_response(self, response: Dict[str, Any]) -> None:\n        \"\"\"\n        https://www.w3.org/TR/webdriver/#errors\n        \"\"\"\n        payload = response.get('value', '')\n        if isinstance(payload, dict):\n            payload_dict = payload\n        else:\n            try:\n                payload_dict = json.loads(payload)\n            except (json.JSONDecodeError, TypeError):\n                return\n            if not isinstance(payload_dict, dict):\n                return\n        value = payload_dict.get('value')\n        if not isinstance(value, dict):\n            return\n        error = value.get('error')\n        if not error:\n            return\n    \n        message = value.get('message', error)\n        stacktrace = value.get('stacktrace', '')\n        # In theory, we should also be checking HTTP status codes.\n        # Java client, for example, prints a warning if the actual `error`\n        # value does not match to the response's HTTP status code.\n        exception_class: Type[sel_exceptions.WebDriverException] = ERROR_TO_EXC_MAPPING.get(\n            error, sel_exceptions.WebDriverException\n        )\n        if exception_class is sel_exceptions.WebDriverException and message:\n            if message == 'No such context found.':\n                exception_class = appium_exceptions.NoSuchContextException\n            elif message == 'That command could not be executed in the current context.':\n                exception_class = appium_exceptions.InvalidSwitchToTargetException\n    \n        if exception_class is sel_exceptions.UnexpectedAlertPresentException:\n            raise sel_exceptions.UnexpectedAlertPresentException(\n                msg=message,\n                stacktrace=format_stacktrace(stacktrace),\n                alert_text=value.get('data'),\n            )\n>       raise exception_class(msg=message, stacktrace=format_stacktrace(stacktrace))\nE       selenium.common.exceptions.WebDriverException: Message: An unknown server-side error occurred while processing the command. Original error: Could not proxy command to the remote server. Original error: socket hang up\nE       Stacktrace:\nE       UnknownError: An unknown server-side error occurred while processing the command. Original error: Could not proxy command to the remote server. Original error: socket hang up\nE           at UIA2Proxy.command (/Users/lily/node_modules/@appium/base-driver/lib/jsonwp-proxy/proxy.js:355:13)\nE           at processTicksAndRejections (node:internal/process/task_queues:95:5)\nE           at AndroidUiautomator2Driver.doFindElementOrEls (/Users/lily/.appium/node_modules/appium-uiautomator2-driver/lib/commands/find.js:40:5)\nE           at doFind (/Users/lily/.appium/node_modules/appium-uiautomator2-driver/node_modules/appium-android-driver/lib/commands/find.ts:47:17)\nE           at wrappedCondFn (/Users/lily/node_modules/@appium/base-driver/lib/basedriver/commands/timeout.ts:137:14)\nE           at spin (/Users/lily/node_modules/asyncbox/lib/asyncbox.js:219:20)\nE           at waitForCondition (/Users/lily/node_modules/asyncbox/lib/asyncbox.js:236:10)\nE           at AndroidUiautomator2Driver.implicitWaitForCondition (/Users/lily/node_modules/@appium/base-driver/lib/basedriver/commands/timeout.ts:139:12)\nE           at AndroidUiautomator2Driver.findElOrEls (/Users/lily/.appium/node_modules/appium-uiautomator2-driver/node_modules/appium-android-driver/lib/commands/find.ts:70:5)\nE           at AndroidUiautomator2Driver.findElOrElsWithProcessing (/Users/lily/node_modules/@appium/base-driver/lib/basedriver/commands/find.ts:60:12)\nE           at AndroidUiautomator2Driver.findElement (/Users/lily/node_modules/@appium/base-driver/lib/basedriver/commands/find.ts:75:12)\n\n../../../Documents/pytest-bdd-example-master/.venv/lib/python3.12/site-packages/appium/webdriver/errorhandler.py:125: WebDriverException"}, "description": "/Users/lily/PycharmProjects/pytest-bdd-project/amp/tests/features/05_system_update.feature: user_perform_internet_update_successfully", "start": 1767921536568, "stop": 1767921603803, "uuid": "9df8e9d7-7e3f-4392-8d40-d6bff85bbc5e", "historyId": "9e236e17bd1e0d2f011a55695d09bc46", "testCaseId": "9e236e17bd1e0d2f011a55695d09bc46", "fullName": "tests.steps.test_05_system_update#test_user_perform_internet_update_successfully", "labels": [{"name": "parentSuite", "value": "tests.steps"}, {"name": "suite", "value": "test_05_system_update"}, {"name": "host", "value": "macdeMacBook-Pro.local"}, {"name": "thread", "value": "2218-MainThread"}, {"name": "framework", "value": "pytest"}, {"name": "language", "value": "cpython3"}, {"name": "package", "value": "tests.steps.test_05_system_update"}]}