{"name": "test_user_adjust_volume[tcp_, 45]", "status": "failed", "statusDetails": {"message": "AssertionError: assert 'tcp_, 45' in ['COAX 3', '45', 'Frequency', 'Rate', 'None', 'None']", "trace": "fixturefunc = <function should_see_the_unit_update at 0x11166b740>, request = <FixtureRequest for <Function test_user_adjust_volume[tcp_, 45]>>\nkwargs = {'driver': <appium.webdriver.webdriver.WebDriver (session=\"2dc0e7e3-dbf8-4411-a326-a2676a288ebf\")>, 'volume': 'tcp_, 45'}\n\n    def call_fixture_func(\n        fixturefunc: _FixtureFunc[FixtureValue], request: FixtureRequest, kwargs\n    ) -> FixtureValue:\n        if is_generator(fixturefunc):\n            fixturefunc = cast(\n                Callable[..., Generator[FixtureValue, None, None]], fixturefunc\n            )\n            generator = fixturefunc(**kwargs)\n            try:\n                fixture_result = next(generator)\n            except StopIteration:\n                raise ValueError(f\"{request.fixturename} did not yield a value\") from None\n            finalizer = functools.partial(_teardown_yield_fixture, fixturefunc, generator)\n            request.addfinalizer(finalizer)\n        else:\n            fixturefunc = cast(Callable[..., FixtureValue], fixturefunc)\n>           fixture_result = fixturefunc(**kwargs)\n\n../../../Documents/pytest-bdd-example-master/.venv/lib/python3.12/site-packages/_pytest/fixtures.py:898: \n_ _ _ _ _ _ _ _ _ _ _ _ _ _ _ _ _ _ _ _ _ _ _ _ _ _ _ _ _ _ _ _ _ _ _ _ _ _ _ _ _ _ _ _ _ _ _ _ _ _ _ _ _ _ _ _ _ _ _ _ _ _ _ _ _ _ _ _ _ _ _ _ _ _ _ _ _ _ _ _ _ _ _ _\n\ndriver = <appium.webdriver.webdriver.WebDriver (session=\"2dc0e7e3-dbf8-4411-a326-a2676a288ebf\")>, volume = 'tcp_, 45'\n\n    @then(parsers.parse(\"the user should see the unit update {volume}\"))\n    def should_see_the_unit_update(driver, volume):\n        p_home = HomePage(driver)\n        rs = p_home.update_runtime()\n        allure.attach(f\"实际结果: \\n {rs}\")\n>       assert volume in rs\nE       AssertionError: assert 'tcp_, 45' in ['COAX 3', '45', 'Frequency', 'Rate', 'None', 'None']\n\ntests/steps/test_00_adjust_volume.py:29: AssertionError"}, "description": "/Users/lily/PycharmProjects/pytest-bdd-project/amp/tests/features/00_adjust_volume.feature: user_adjust_volume", "attachments": [{"source": "4345895e-8100-4bc3-9353-b0f1d4c2ba47-attachment.attach"}, {"source": "d197285b-234a-473d-a2ad-4fea4ae74fe0-attachment.attach"}, {"name": "stdout", "source": "1bf49b27-87eb-49b0-86d8-e339bf37e7d2-attachment.txt", "type": "text/plain"}], "parameters": [{"name": "_pytest_bdd_example", "value": "{'volume': 'tcp_, 45'}"}], "start": 1767767935416, "stop": 1767767986690, "uuid": "8d0c1c3d-b8ab-43dd-949b-c8aaa61c2da1", "historyId": "f118235200767793b514e13cdccf61ff", "testCaseId": "a3526da97fbc51390c3d6f41415a8d78", "fullName": "tests.steps.test_00_adjust_volume#test_user_adjust_volume", "labels": [{"name": "parentSuite", "value": "tests.steps"}, {"name": "suite", "value": "test_00_adjust_volume"}, {"name": "host", "value": "macdeMacBook-Pro.local"}, {"name": "thread", "value": "27504-MainThread"}, {"name": "framework", "value": "pytest"}, {"name": "language", "value": "cpython3"}, {"name": "package", "value": "tests.steps.test_00_adjust_volume"}]}