{"name": "test_user_check_for_update_when_software_is_up_to_date[MICHI]", "status": "failed", "statusDetails": {"message": "AssertionError: assert 'This version is the latest software' in 'New Software Found: V1.00'", "trace": "fixturefunc = <function should_see_the_latest at 0x10677d440>, request = <FixtureRequest for <Function test_user_check_for_update_when_software_is_up_to_date[MICHI]>>\nkwargs = {'driver': <appium.webdriver.webdriver.WebDriver (session=\"6441d989-6750-443b-aa91-a67d9d41be7d\")>}\n\n    def call_fixture_func(\n        fixturefunc: _FixtureFunc[FixtureValue], request: FixtureRequest, kwargs\n    ) -> FixtureValue:\n        if is_generator(fixturefunc):\n            fixturefunc = cast(\n                Callable[..., Generator[FixtureValue, None, None]], fixturefunc\n            )\n            generator = fixturefunc(**kwargs)\n            try:\n                fixture_result = next(generator)\n            except StopIteration:\n                raise ValueError(f\"{request.fixturename} did not yield a value\") from None\n            finalizer = functools.partial(_teardown_yield_fixture, fixturefunc, generator)\n            request.addfinalizer(finalizer)\n        else:\n            fixturefunc = cast(Callable[..., FixtureValue], fixturefunc)\n>           fixture_result = fixturefunc(**kwargs)\n\n../../../Documents/pytest-bdd-example-master/.venv/lib/python3.12/site-packages/_pytest/fixtures.py:898: \n_ _ _ _ _ _ _ _ _ _ _ _ _ _ _ _ _ _ _ _ _ _ _ _ _ _ _ _ _ _ _ _ _ _ _ _ _ _ _ _ _ _ _ _ _ _ _ _ _ _ _ _ _ _ _ _ _ _ _ _ _ _ _ _ _ _ _ _ _ _ _ _ _ _ _ _ _ _ _ _ _ _ _ _\n\ndriver = <appium.webdriver.webdriver.WebDriver (session=\"6441d989-6750-443b-aa91-a67d9d41be7d\")>\n\n    @then(\"the user should see the up-to-date message\")\n    def should_see_the_latest(driver):\n        p_internet_update = InternetUpdatePage(driver)\n        rs = p_internet_update.inform_software_status()\n        allure.attach(f\"实际结果: \\n {rs}\")\n>       assert \"This version is the latest software\" in rs[SOFTWARE_UPDATE_STATUS_ROW]\nE       AssertionError: assert 'This version is the latest software' in 'New Software Found: V1.00'\n\ntests/steps/test_05_system_update.py:86: AssertionError"}, "description": "/Users/lily/PycharmProjects/pytest-bdd-project/amp/tests/features/05_system_update.feature: user_check_for_update_when_software_is_up_to_date", "attachments": [{"source": "3e9602e1-40d6-40b4-916c-42aaa45dba14-attachment.attach"}, {"source": "0433effe-a26f-4088-9c85-568d89d6ab95-attachment.attach"}, {"source": "cf717104-5ae6-4d41-a43b-fd793f02e529-attachment.attach"}, {"name": "stdout", "source": "b6b38030-a17f-49c9-8b9e-a9926087a999-attachment.txt", "type": "text/plain"}], "parameters": [{"name": "_pytest_bdd_example", "value": "{'unit': 'MICHI'}"}], "start": 1767922603193, "stop": 1767922688876, "uuid": "1124d751-2887-4ecd-9643-7589b04a0329", "historyId": "c1ab64a571e159047f762bec06526688", "testCaseId": "903f4367eb15a249467c183873d898ee", "fullName": "tests.steps.test_05_system_update#test_user_check_for_update_when_software_is_up_to_date", "labels": [{"name": "parentSuite", "value": "tests.steps"}, {"name": "suite", "value": "test_05_system_update"}, {"name": "host", "value": "macdeMacBook-Pro.local"}, {"name": "thread", "value": "2890-MainThread"}, {"name": "framework", "value": "pytest"}, {"name": "language", "value": "cpython3"}, {"name": "package", "value": "tests.steps.test_05_system_update"}]}