{"uid":"b67adb81490bf03c","name":"test_user_start_playback[iPhone-AAC]","fullName":"tests.steps.test_00_play_via_bluetooth_input#test_user_start_playback","historyId":"c1e39d7448c9ff2f7fa3e21d345130c4","time":{"start":1769132679610,"stop":1769132687521,"duration":7911},"description":"/Users/lily/PycharmProjects/pytest-bdd-project/amp/tests/features/00_play_via_bluetooth_input.feature: user_start_playback","descriptionHtml":"<p>/Users/lily/PycharmProjects/pytest-bdd-project/amp/tests/features/00_play_via_bluetooth_input.feature: user_start_playback</p>\n","status":"broken","statusMessage":"selenium.common.exceptions.WebDriverException: Message: An unknown server-side error occurred while processing the command. Original error: Could not proxy command to the remote server. Original error: socket hang up\nStacktrace:\nUnknownError: An unknown server-side error occurred while processing the command. Original error: Could not proxy command to the remote server. Original error: socket hang up\n    at UIA2Proxy.command (/Users/lily/node_modules/@appium/base-driver/lib/jsonwp-proxy/proxy.js:355:13)\n    at processTicksAndRejections (node:internal/process/task_queues:95:5)\n    at AndroidUiautomator2Driver.doFindElementOrEls (/Users/lily/.appium/node_modules/appium-uiautomator2-driver/lib/commands/find.js:40:5)\n    at doFind (/Users/lily/.appium/node_modules/appium-uiautomator2-driver/node_modules/appium-android-driver/lib/commands/find.ts:47:17)\n    at wrappedCondFn (/Users/lily/node_modules/@appium/base-driver/lib/basedriver/commands/timeout.ts:137:14)\n    at spin (/Users/lily/node_modules/asyncbox/lib/asyncbox.js:219:20)\n    at waitForCondition (/Users/lily/node_modules/asyncbox/lib/asyncbox.js:236:10)\n    at AndroidUiautomator2Driver.implicitWaitForCondition (/Users/lily/node_modules/@appium/base-driver/lib/basedriver/commands/timeout.ts:139:12)\n    at AndroidUiautomator2Driver.findElOrEls (/Users/lily/.appium/node_modules/appium-uiautomator2-driver/node_modules/appium-android-driver/lib/commands/find.ts:70:5)\n    at AndroidUiautomator2Driver.findElOrElsWithProcessing (/Users/lily/node_modules/@appium/base-driver/lib/basedriver/commands/find.ts:60:12)\n    at AndroidUiautomator2Driver.findElement (/Users/lily/node_modules/@appium/base-driver/lib/basedriver/commands/find.ts:75:12)","statusTrace":"fixturefunc = <function play_music_from_the_source at 0x10f408180>, request = <FixtureRequest for <Function test_user_start_playback[iPhone-AAC]>>\nkwargs = {'driver': <appium.webdriver.webdriver.WebDriver (session=\"f61ea7ef-f432-4938-a52c-a84ceb8df488\")>}\n\n    def call_fixture_func(\n        fixturefunc: _FixtureFunc[FixtureValue], request: FixtureRequest, kwargs\n    ) -> FixtureValue:\n        if is_generator(fixturefunc):\n            fixturefunc = cast(\n                Callable[..., Generator[FixtureValue, None, None]], fixturefunc\n            )\n            generator = fixturefunc(**kwargs)\n            try:\n                fixture_result = next(generator)\n            except StopIteration:\n                raise ValueError(f\"{request.fixturename} did not yield a value\") from None\n            finalizer = functools.partial(_teardown_yield_fixture, fixturefunc, generator)\n            request.addfinalizer(finalizer)\n        else:\n            fixturefunc = cast(Callable[..., FixtureValue], fixturefunc)\n>           fixture_result = fixturefunc(**kwargs)\n\n../../../Documents/pytest-bdd-example-master/.venv/lib/python3.12/site-packages/_pytest/fixtures.py:898: \n_ _ _ _ _ _ _ _ _ _ _ _ _ _ _ _ _ _ _ _ _ _ _ _ _ _ _ _ _ _ _ _ _ _ _ _ _ _ _ _ _ _ _ _ _ _ _ _ _ _ _ _ _ _ _ _ _ _ _ _ _ _ _ _ _ _ _ _ _ _ _ _ _ _ _ _ _ _ _ _ _ _ _ _\ntests/steps/test_00_play_via_bluetooth_input.py:21: in play_music_from_the_source\n    p_home.receive_audio_from_the_source(\"BLUETOOTH\")\npages/home_page.py:45: in receive_audio_from_the_source\n    self.start_playback(\"bbk\")\npages/robot.py:621: in start_playback\n    self.tap(playback_dict[app_name])\npages/robot.py:280: in tap\n    el = self.find(loc)\npages/robot.py:96: in find\n    WebDriverWait(self.driver, 10).until(EC.visibility_of_element_located(loc))\n../../../Documents/pytest-bdd-example-master/.venv/lib/python3.12/site-packages/selenium/webdriver/support/wait.py:137: in until\n    value = method(self._driver)\n../../../Documents/pytest-bdd-example-master/.venv/lib/python3.12/site-packages/selenium/webdriver/support/expected_conditions.py:224: in _predicate\n    return _element_if_visible(driver.find_element(*locator))\n../../../Documents/pytest-bdd-example-master/.venv/lib/python3.12/site-packages/selenium/webdriver/remote/webdriver.py:898: in find_element\n    return self.execute(Command.FIND_ELEMENT, {\"using\": by, \"value\": value})[\"value\"]\n../../../Documents/pytest-bdd-example-master/.venv/lib/python3.12/site-packages/selenium/webdriver/remote/webdriver.py:429: in execute\n    self.error_handler.check_response(response)\n_ _ _ _ _ _ _ _ _ _ _ _ _ _ _ _ _ _ _ _ _ _ _ _ _ _ _ _ _ _ _ _ _ _ _ _ _ _ _ _ _ _ _ _ _ _ _ _ _ _ _ _ _ _ _ _ _ _ _ _ _ _ _ _ _ _ _ _ _ _ _ _ _ _ _ _ _ _ _ _ _ _ _ _\n\nself = <appium.webdriver.errorhandler.MobileErrorHandler object at 0x10c2c56a0>\nresponse = {'status': 500, 'value': '{\"value\":{\"error\":\"unknown error\",\"message\":\"An unknown server-side error occurred while pro...iautomator2Driver.findElement (/Users/lily/node_modules/@appium/base-driver/lib/basedriver/commands/find.ts:75:12)\"}}'}\n\n    def check_response(self, response: Dict[str, Any]) -> None:\n        \"\"\"\n        https://www.w3.org/TR/webdriver/#errors\n        \"\"\"\n        payload = response.get('value', '')\n        if isinstance(payload, dict):\n            payload_dict = payload\n        else:\n            try:\n                payload_dict = json.loads(payload)\n            except (json.JSONDecodeError, TypeError):\n                return\n            if not isinstance(payload_dict, dict):\n                return\n        value = payload_dict.get('value')\n        if not isinstance(value, dict):\n            return\n        error = value.get('error')\n        if not error:\n            return\n    \n        message = value.get('message', error)\n        stacktrace = value.get('stacktrace', '')\n        # In theory, we should also be checking HTTP status codes.\n        # Java client, for example, prints a warning if the actual `error`\n        # value does not match to the response's HTTP status code.\n        exception_class: Type[sel_exceptions.WebDriverException] = ERROR_TO_EXC_MAPPING.get(\n            error, sel_exceptions.WebDriverException\n        )\n        if exception_class is sel_exceptions.WebDriverException and message:\n            if message == 'No such context found.':\n                exception_class = appium_exceptions.NoSuchContextException\n            elif message == 'That command could not be executed in the current context.':\n                exception_class = appium_exceptions.InvalidSwitchToTargetException\n    \n        if exception_class is sel_exceptions.UnexpectedAlertPresentException:\n            raise sel_exceptions.UnexpectedAlertPresentException(\n                msg=message,\n                stacktrace=format_stacktrace(stacktrace),\n                alert_text=value.get('data'),\n            )\n>       raise exception_class(msg=message, stacktrace=format_stacktrace(stacktrace))\nE       selenium.common.exceptions.WebDriverException: Message: An unknown server-side error occurred while processing the command. Original error: Could not proxy command to the remote server. Original error: socket hang up\nE       Stacktrace:\nE       UnknownError: An unknown server-side error occurred while processing the command. Original error: Could not proxy command to the remote server. Original error: socket hang up\nE           at UIA2Proxy.command (/Users/lily/node_modules/@appium/base-driver/lib/jsonwp-proxy/proxy.js:355:13)\nE           at processTicksAndRejections (node:internal/process/task_queues:95:5)\nE           at AndroidUiautomator2Driver.doFindElementOrEls (/Users/lily/.appium/node_modules/appium-uiautomator2-driver/lib/commands/find.js:40:5)\nE           at doFind (/Users/lily/.appium/node_modules/appium-uiautomator2-driver/node_modules/appium-android-driver/lib/commands/find.ts:47:17)\nE           at wrappedCondFn (/Users/lily/node_modules/@appium/base-driver/lib/basedriver/commands/timeout.ts:137:14)\nE           at spin (/Users/lily/node_modules/asyncbox/lib/asyncbox.js:219:20)\nE           at waitForCondition (/Users/lily/node_modules/asyncbox/lib/asyncbox.js:236:10)\nE           at AndroidUiautomator2Driver.implicitWaitForCondition (/Users/lily/node_modules/@appium/base-driver/lib/basedriver/commands/timeout.ts:139:12)\nE           at AndroidUiautomator2Driver.findElOrEls (/Users/lily/.appium/node_modules/appium-uiautomator2-driver/node_modules/appium-android-driver/lib/commands/find.ts:70:5)\nE           at AndroidUiautomator2Driver.findElOrElsWithProcessing (/Users/lily/node_modules/@appium/base-driver/lib/basedriver/commands/find.ts:60:12)\nE           at AndroidUiautomator2Driver.findElement (/Users/lily/node_modules/@appium/base-driver/lib/basedriver/commands/find.ts:75:12)\n\n../../../Documents/pytest-bdd-example-master/.venv/lib/python3.12/site-packages/appium/webdriver/errorhandler.py:125: WebDriverException","flaky":false,"newFailed":false,"newBroken":false,"newPassed":false,"retriesCount":0,"retriesStatusChange":false,"beforeStages":[{"name":"driver","time":{"start":1769132679610,"stop":1769132687220,"duration":7610},"status":"passed","steps":[],"attachments":[],"parameters":[],"stepsCount":0,"attachmentsCount":0,"shouldDisplayMessage":false,"hasContent":false}],"afterStages":[{"name":"driver::0","time":{"start":1769132687765,"stop":1769132687910,"duration":145},"status":"passed","steps":[],"attachments":[],"parameters":[],"stepsCount":0,"attachmentsCount":0,"shouldDisplayMessage":false,"hasContent":false}],"labels":[{"name":"parentSuite","value":"tests.steps"},{"name":"suite","value":"test_00_play_via_bluetooth_input"},{"name":"host","value":"macdeMacBook-Pro.local"},{"name":"thread","value":"38822-MainThread"},{"name":"framework","value":"pytest"},{"name":"language","value":"cpython3"},{"name":"package","value":"tests.steps.test_00_play_via_bluetooth_input"},{"name":"resultFormat","value":"allure2"}],"parameters":[{"name":"_pytest_bdd_example","value":"{'source': 'iPhone', 'music': 'AAC'}"}],"links":[],"hidden":true,"retry":true,"extra":{"categories":[],"tags":[]},"source":"b67adb81490bf03c.json","parameterValues":["{'source': 'iPhone', 'music': 'AAC'}"]}