{"uid":"ce1e40bfdc05cafd","name":"test_user_preview_display_brightness[MICHI-Medium-dimmer=1$]","fullName":"tests.steps.test_03_adjust_display_brightness#test_user_preview_display_brightness","historyId":"16b28b0dfaa3a6e56a422aef323b00d9","time":{"start":1767581209468,"stop":1767581267520,"duration":58052},"description":"/Users/lily/PycharmProjects/pytest-bdd-project/amp/tests/features/03_adjust_display_brightness.feature: user_preview_display_brightness","descriptionHtml":"<p>/Users/lily/PycharmProjects/pytest-bdd-project/amp/tests/features/03_adjust_display_brightness.feature: user_preview_display_brightness</p>\n","status":"broken","statusMessage":"pytest_bdd.exceptions.StepDefinitionNotFoundError: Step definition is not found: Then \"the user should see display brightness dimmer=1$ accordingly\". Line 9 in scenario \"user_preview_display_brightness\" in the feature \"/Users/lily/PycharmProjects/pytest-bdd-project/amp/tests/features/03_adjust_display_brightness.feature\"","statusTrace":"E   pytest_bdd.exceptions.StepDefinitionNotFoundError: Step definition is not found: Then \"the user should see display brightness dimmer=1$ accordingly\". Line 9 in scenario \"user_preview_display_brightness\" in the feature \"/Users/lily/PycharmProjects/pytest-bdd-project/amp/tests/features/03_adjust_display_brightness.feature\"\nAll traceback entries are hidden. Pass `--full-trace` to see hidden and internal frames.","flaky":false,"newFailed":false,"newBroken":false,"newPassed":false,"retriesCount":3,"retriesStatusChange":true,"beforeStages":[{"name":"driver","time":{"start":1767581209469,"stop":1767581215131,"duration":5662},"status":"passed","steps":[],"attachments":[],"parameters":[],"stepsCount":0,"attachmentsCount":0,"shouldDisplayMessage":false,"hasContent":false}],"testStage":{"description":"/Users/lily/PycharmProjects/pytest-bdd-project/amp/tests/features/03_adjust_display_brightness.feature: user_preview_display_brightness","status":"broken","statusMessage":"pytest_bdd.exceptions.StepDefinitionNotFoundError: Step definition is not found: Then \"the user should see display brightness dimmer=1$ accordingly\". Line 9 in scenario \"user_preview_display_brightness\" in the feature \"/Users/lily/PycharmProjects/pytest-bdd-project/amp/tests/features/03_adjust_display_brightness.feature\"","statusTrace":"E   pytest_bdd.exceptions.StepDefinitionNotFoundError: Step definition is not found: Then \"the user should see display brightness dimmer=1$ accordingly\". Line 9 in scenario \"user_preview_display_brightness\" in the feature \"/Users/lily/PycharmProjects/pytest-bdd-project/amp/tests/features/03_adjust_display_brightness.feature\"\nAll traceback entries are hidden. Pass `--full-trace` to see hidden and internal frames.","steps":[],"attachments":[{"uid":"10edf20eadff4ecb","name":"d006a5a1-3793-426e-879e-c24a745fdbfb-attachment.attach","source":"10edf20eadff4ecb.attach","type":"text/plain","size":104},{"uid":"d1f3386c51eaa3db","name":"stdout","source":"d1f3386c51eaa3db.txt","type":"text/plain","size":321}],"parameters":[],"stepsCount":0,"attachmentsCount":2,"shouldDisplayMessage":true,"hasContent":true},"afterStages":[{"name":"driver::0","time":{"start":1767581267523,"stop":1767581267787,"duration":264},"status":"passed","steps":[],"attachments":[],"parameters":[],"stepsCount":0,"attachmentsCount":0,"shouldDisplayMessage":false,"hasContent":false}],"labels":[{"name":"parentSuite","value":"tests.steps"},{"name":"suite","value":"test_03_adjust_display_brightness"},{"name":"host","value":"macdeMacBook-Pro.local"},{"name":"thread","value":"13406-MainThread"},{"name":"framework","value":"pytest"},{"name":"language","value":"cpython3"},{"name":"package","value":"tests.steps.test_03_adjust_display_brightness"},{"name":"resultFormat","value":"allure2"}],"parameters":[{"name":"_pytest_bdd_example","value":"{'unit': 'MICHI', 'brightness': 'Medium', 'change': 'dimmer=1$'}"}],"links":[],"hidden":false,"retry":false,"extra":{"severity":"normal","retries":[{"uid":"5938b22ce5ff14f4","status":"failed","statusDetails":"AssertionError: assert 'dimmer=0$' != 'dimmer=0$'","time":{"start":1767581026754,"stop":1767581085594,"duration":58840}},{"uid":"71c7244587a37bb9","status":"broken","statusDetails":"selenium.common.exceptions.WebDriverException: Message: Could not proxy command to the remote server. Original error: socket hang up\nStacktrace:\nProxyRequestError: Could not proxy command to the remote server. Original error: socket hang up\n    at UIA2Proxy.proxy (/Users/lily/node_modules/@appium/base-driver/lib/jsonwp-proxy/proxy.js:280:13)\n    at processTicksAndRejections (node:internal/process/task_queues:95:5)\n    at ProtocolConverter.convertAndProxy (/Users/lily/node_modules/@appium/base-driver/lib/jsonwp-proxy/protocol-converter.js:270:12)\n    at UIA2Proxy.proxyCommand (/Users/lily/node_modules/@appium/base-driver/lib/jsonwp-proxy/proxy.js:336:12)\n    at UIA2Proxy.proxyCommand (/Users/lily/.appium/node_modules/appium-uiautomator2-driver/lib/uiautomator2.js:33:12)\n    at UIA2Proxy.proxyReqRes (/Users/lily/node_modules/@appium/base-driver/lib/jsonwp-proxy/proxy.js:410:32)","time":{"start":1767580947062,"stop":1767580996680,"duration":49618}},{"uid":"561e469032e4f512","status":"failed","statusDetails":"AssertionError: assert 'dimmer=0$' != 'dimmer=0$'","time":{"start":1767579208288,"stop":1767579274197,"duration":65909}}],"categories":[{"name":"Test defects","matchedStatuses":[],"flaky":false}],"tags":[]},"source":"ce1e40bfdc05cafd.json","parameterValues":["{'unit': 'MICHI', 'brightness': 'Medium', 'change': 'dimmer=1$'}"]}